   1              		.cpu cortex-m0
   2              		.fpu softvfp
   3              		.eabi_attribute 20, 1
   4              		.eabi_attribute 21, 1
   5              		.eabi_attribute 23, 3
   6              		.eabi_attribute 24, 1
   7              		.eabi_attribute 25, 1
   8              		.eabi_attribute 26, 1
   9              		.eabi_attribute 30, 2
  10              		.eabi_attribute 34, 0
  11              		.eabi_attribute 18, 4
  12              		.code	16
  13              		.file	"Events.c"
  14              		.text
  15              	.Ltext0:
  16              		.cfi_sections	.debug_frame
  17              		.section	.text.Cpu_OnNMIINT,"ax",%progbits
  18              		.align	2
  19              		.global	Cpu_OnNMIINT
  20              		.code	16
  21              		.thumb_func
  23              	Cpu_OnNMIINT:
  24              	.LFB0:
  25              		.file 1 "../Sources/Events.c"
   1:../Sources/Events.c **** /** ###################################################################
   2:../Sources/Events.c **** **     Filename    : Events.c
   3:../Sources/Events.c **** **     Project     : ProcessorExpert
   4:../Sources/Events.c **** **     Processor   : MKL25Z128VLK4
   5:../Sources/Events.c **** **     Component   : Events
   6:../Sources/Events.c **** **     Version     : Driver 01.00
   7:../Sources/Events.c **** **     Compiler    : GNU C Compiler
   8:../Sources/Events.c **** **     Date/Time   : 2012-08-23, 07:53, # CodeGen: 0
   9:../Sources/Events.c **** **     Abstract    :
  10:../Sources/Events.c **** **         This is user's event module.
  11:../Sources/Events.c **** **         Put your event handler code here.
  12:../Sources/Events.c **** **     Settings    :
  13:../Sources/Events.c **** **     Contents    :
  14:../Sources/Events.c **** **         Cpu_OnNMIINT - void Cpu_OnNMIINT(void);
  15:../Sources/Events.c **** **
  16:../Sources/Events.c **** ** ###################################################################*/
  17:../Sources/Events.c **** /* MODULE Events */
  18:../Sources/Events.c **** 
  19:../Sources/Events.c **** #include "Cpu.h"
  20:../Sources/Events.c **** #include "Events.h"
  21:../Sources/Events.c **** 
  22:../Sources/Events.c **** /* User includes (#include below this line is not maintained by Processor Expert) */
  23:../Sources/Events.c **** 
  24:../Sources/Events.c **** /*
  25:../Sources/Events.c **** ** ===================================================================
  26:../Sources/Events.c **** **     Event       :  Cpu_OnNMIINT (module Events)
  27:../Sources/Events.c **** **
  28:../Sources/Events.c **** **     Component   :  Cpu [MKL25Z128LK4]
  29:../Sources/Events.c **** **     Description :
  30:../Sources/Events.c **** **         This event is called when the Non maskable interrupt had
  31:../Sources/Events.c **** **         occurred. This event is automatically enabled when the <NMI
  32:../Sources/Events.c **** **         interrrupt> property is set to 'Enabled'.
  33:../Sources/Events.c **** **     Parameters  : None
  34:../Sources/Events.c **** **     Returns     : Nothing
  35:../Sources/Events.c **** ** ===================================================================
  36:../Sources/Events.c **** */
  37:../Sources/Events.c **** void Cpu_OnNMIINT(void)
  38:../Sources/Events.c **** {
  26              		.loc 1 38 0
  27              		.cfi_startproc
  39:../Sources/Events.c ****   /* Write your code here ... */
  40:../Sources/Events.c **** }
  28              		.loc 1 40 0
  29              		@ sp needed for prologue
  30 0000 7047     		bx	lr
  31              		.cfi_endproc
  32              	.LFE0:
  34 0002 C046     		.text
  35              	.Letext0:
DEFINED SYMBOLS
                            *ABS*:00000000 Events.c
C:\Users\burak\AppData\Local\Temp\ccLSeZkl.s:18     .text.Cpu_OnNMIINT:00000000 $t
C:\Users\burak\AppData\Local\Temp\ccLSeZkl.s:23     .text.Cpu_OnNMIINT:00000000 Cpu_OnNMIINT
                     .debug_frame:00000010 $d

NO UNDEFINED SYMBOLS
