   1              		.cpu cortex-m0
   2              		.fpu softvfp
   3              		.eabi_attribute 20, 1
   4              		.eabi_attribute 21, 1
   5              		.eabi_attribute 23, 3
   6              		.eabi_attribute 24, 1
   7              		.eabi_attribute 25, 1
   8              		.eabi_attribute 26, 1
   9              		.eabi_attribute 30, 4
  10              		.eabi_attribute 34, 0
  11              		.eabi_attribute 18, 4
  12              		.code	16
  13              		.file	"BitIoLdd3.c"
  14              		.text
  15              	.Ltext0:
  16              		.cfi_sections	.debug_frame
  17              		.section	.text.BitIoLdd3_Init,"ax",%progbits
  18              		.align	1
  19              		.global	BitIoLdd3_Init
  20              		.code	16
  21              		.thumb_func
  23              	BitIoLdd3_Init:
  24              	.LFB0:
  25              		.file 1 "../Generated_Code/BitIoLdd3.c"
   1:../Generated_Code/BitIoLdd3.c **** /* ###################################################################
   2:../Generated_Code/BitIoLdd3.c **** **     This component module is generated by Processor Expert. Do not modify it.
   3:../Generated_Code/BitIoLdd3.c **** **     Filename    : BitIoLdd3.c
   4:../Generated_Code/BitIoLdd3.c **** **     Project     : ProcessorExpert
   5:../Generated_Code/BitIoLdd3.c **** **     Processor   : MKL25Z128VLK4
   6:../Generated_Code/BitIoLdd3.c **** **     Component   : BitIO_LDD
   7:../Generated_Code/BitIoLdd3.c **** **     Version     : Component 01.033, Driver 01.03, CPU db: 3.00.000
   8:../Generated_Code/BitIoLdd3.c **** **     Compiler    : GNU C Compiler
   9:../Generated_Code/BitIoLdd3.c **** **     Date/Time   : 2018-03-06, 23:55, # CodeGen: 0
  10:../Generated_Code/BitIoLdd3.c **** **     Abstract    :
  11:../Generated_Code/BitIoLdd3.c **** **         The HAL BitIO component provides a low level API for unified
  12:../Generated_Code/BitIoLdd3.c **** **         access to general purpose digital input/output pins across
  13:../Generated_Code/BitIoLdd3.c **** **         various device designs.
  14:../Generated_Code/BitIoLdd3.c **** **
  15:../Generated_Code/BitIoLdd3.c **** **         RTOS drivers using HAL BitIO API are simpler and more
  16:../Generated_Code/BitIoLdd3.c **** **         portable to various microprocessors.
  17:../Generated_Code/BitIoLdd3.c **** **     Settings    :
  18:../Generated_Code/BitIoLdd3.c **** **          Component name                                 : BitIoLdd3
  19:../Generated_Code/BitIoLdd3.c **** **          Pin for I/O                                    : TSI0_CH11/PTB18/TPM2_CH0
  20:../Generated_Code/BitIoLdd3.c **** **          Pin signal                                     : LED_RED
  21:../Generated_Code/BitIoLdd3.c **** **          Direction                                      : Output
  22:../Generated_Code/BitIoLdd3.c **** **          Initialization                                 : 
  23:../Generated_Code/BitIoLdd3.c **** **            Init. direction                              : Output
  24:../Generated_Code/BitIoLdd3.c **** **            Init. value                                  : 0
  25:../Generated_Code/BitIoLdd3.c **** **            Auto initialization                          : yes
  26:../Generated_Code/BitIoLdd3.c **** **          Safe mode                                      : yes
  27:../Generated_Code/BitIoLdd3.c **** **     Contents    :
  28:../Generated_Code/BitIoLdd3.c **** **         Init   - LDD_TDeviceData* BitIoLdd3_Init(LDD_TUserData *UserDataPtr);
  29:../Generated_Code/BitIoLdd3.c **** **         GetVal - bool BitIoLdd3_GetVal(LDD_TDeviceData *DeviceDataPtr);
  30:../Generated_Code/BitIoLdd3.c **** **         ClrVal - void BitIoLdd3_ClrVal(LDD_TDeviceData *DeviceDataPtr);
  31:../Generated_Code/BitIoLdd3.c **** **         SetVal - void BitIoLdd3_SetVal(LDD_TDeviceData *DeviceDataPtr);
  32:../Generated_Code/BitIoLdd3.c **** **         NegVal - void BitIoLdd3_NegVal(LDD_TDeviceData *DeviceDataPtr);
  33:../Generated_Code/BitIoLdd3.c **** **
  34:../Generated_Code/BitIoLdd3.c **** **     Copyright : 1997 - 2014 Freescale Semiconductor, Inc. 
  35:../Generated_Code/BitIoLdd3.c **** **     All Rights Reserved.
  36:../Generated_Code/BitIoLdd3.c **** **     
  37:../Generated_Code/BitIoLdd3.c **** **     Redistribution and use in source and binary forms, with or without modification,
  38:../Generated_Code/BitIoLdd3.c **** **     are permitted provided that the following conditions are met:
  39:../Generated_Code/BitIoLdd3.c **** **     
  40:../Generated_Code/BitIoLdd3.c **** **     o Redistributions of source code must retain the above copyright notice, this list
  41:../Generated_Code/BitIoLdd3.c **** **       of conditions and the following disclaimer.
  42:../Generated_Code/BitIoLdd3.c **** **     
  43:../Generated_Code/BitIoLdd3.c **** **     o Redistributions in binary form must reproduce the above copyright notice, this
  44:../Generated_Code/BitIoLdd3.c **** **       list of conditions and the following disclaimer in the documentation and/or
  45:../Generated_Code/BitIoLdd3.c **** **       other materials provided with the distribution.
  46:../Generated_Code/BitIoLdd3.c **** **     
  47:../Generated_Code/BitIoLdd3.c **** **     o Neither the name of Freescale Semiconductor, Inc. nor the names of its
  48:../Generated_Code/BitIoLdd3.c **** **       contributors may be used to endorse or promote products derived from this
  49:../Generated_Code/BitIoLdd3.c **** **       software without specific prior written permission.
  50:../Generated_Code/BitIoLdd3.c **** **     
  51:../Generated_Code/BitIoLdd3.c **** **     THIS SOFTWARE IS PROVIDED BY THE COPYRIGHT HOLDERS AND CONTRIBUTORS "AS IS" AND
  52:../Generated_Code/BitIoLdd3.c **** **     ANY EXPRESS OR IMPLIED WARRANTIES, INCLUDING, BUT NOT LIMITED TO, THE IMPLIED
  53:../Generated_Code/BitIoLdd3.c **** **     WARRANTIES OF MERCHANTABILITY AND FITNESS FOR A PARTICULAR PURPOSE ARE
  54:../Generated_Code/BitIoLdd3.c **** **     DISCLAIMED. IN NO EVENT SHALL THE COPYRIGHT HOLDER OR CONTRIBUTORS BE LIABLE FOR
  55:../Generated_Code/BitIoLdd3.c **** **     ANY DIRECT, INDIRECT, INCIDENTAL, SPECIAL, EXEMPLARY, OR CONSEQUENTIAL DAMAGES
  56:../Generated_Code/BitIoLdd3.c **** **     (INCLUDING, BUT NOT LIMITED TO, PROCUREMENT OF SUBSTITUTE GOODS OR SERVICES;
  57:../Generated_Code/BitIoLdd3.c **** **     LOSS OF USE, DATA, OR PROFITS; OR BUSINESS INTERRUPTION) HOWEVER CAUSED AND ON
  58:../Generated_Code/BitIoLdd3.c **** **     ANY THEORY OF LIABILITY, WHETHER IN CONTRACT, STRICT LIABILITY, OR TORT
  59:../Generated_Code/BitIoLdd3.c **** **     (INCLUDING NEGLIGENCE OR OTHERWISE) ARISING IN ANY WAY OUT OF THE USE OF THIS
  60:../Generated_Code/BitIoLdd3.c **** **     SOFTWARE, EVEN IF ADVISED OF THE POSSIBILITY OF SUCH DAMAGE.
  61:../Generated_Code/BitIoLdd3.c **** **     
  62:../Generated_Code/BitIoLdd3.c **** **     http: www.freescale.com
  63:../Generated_Code/BitIoLdd3.c **** **     mail: support@freescale.com
  64:../Generated_Code/BitIoLdd3.c **** ** ###################################################################*/
  65:../Generated_Code/BitIoLdd3.c **** /*!
  66:../Generated_Code/BitIoLdd3.c **** ** @file BitIoLdd3.c
  67:../Generated_Code/BitIoLdd3.c **** ** @version 01.03
  68:../Generated_Code/BitIoLdd3.c **** ** @brief
  69:../Generated_Code/BitIoLdd3.c **** **         The HAL BitIO component provides a low level API for unified
  70:../Generated_Code/BitIoLdd3.c **** **         access to general purpose digital input/output pins across
  71:../Generated_Code/BitIoLdd3.c **** **         various device designs.
  72:../Generated_Code/BitIoLdd3.c **** **
  73:../Generated_Code/BitIoLdd3.c **** **         RTOS drivers using HAL BitIO API are simpler and more
  74:../Generated_Code/BitIoLdd3.c **** **         portable to various microprocessors.
  75:../Generated_Code/BitIoLdd3.c **** */         
  76:../Generated_Code/BitIoLdd3.c **** /*!
  77:../Generated_Code/BitIoLdd3.c **** **  @addtogroup BitIoLdd3_module BitIoLdd3 module documentation
  78:../Generated_Code/BitIoLdd3.c **** **  @{
  79:../Generated_Code/BitIoLdd3.c **** */         
  80:../Generated_Code/BitIoLdd3.c **** 
  81:../Generated_Code/BitIoLdd3.c **** /* MODULE BitIoLdd3. */
  82:../Generated_Code/BitIoLdd3.c **** 
  83:../Generated_Code/BitIoLdd3.c **** #include "FreeRTOS.h" /* FreeRTOS interface */
  84:../Generated_Code/BitIoLdd3.c **** #include "BitIoLdd3.h"
  85:../Generated_Code/BitIoLdd3.c **** 
  86:../Generated_Code/BitIoLdd3.c **** #ifdef __cplusplus
  87:../Generated_Code/BitIoLdd3.c **** extern "C" {
  88:../Generated_Code/BitIoLdd3.c **** #endif 
  89:../Generated_Code/BitIoLdd3.c **** 
  90:../Generated_Code/BitIoLdd3.c **** typedef struct {
  91:../Generated_Code/BitIoLdd3.c ****   LDD_TUserData *UserDataPtr;          /* Pointer to user data */
  92:../Generated_Code/BitIoLdd3.c **** } BitIoLdd3_TDeviceData;               /* Device data structure type */
  93:../Generated_Code/BitIoLdd3.c **** 
  94:../Generated_Code/BitIoLdd3.c **** typedef BitIoLdd3_TDeviceData *BitIoLdd3_TDeviceDataPtr ; /* Pointer to the device data structure. 
  95:../Generated_Code/BitIoLdd3.c **** 
  96:../Generated_Code/BitIoLdd3.c **** /* {FreeRTOS RTOS Adapter} Static object used for simulation of dynamic driver memory allocation */
  97:../Generated_Code/BitIoLdd3.c **** static BitIoLdd3_TDeviceData DeviceDataPrv__DEFAULT_RTOS_ALLOC;
  98:../Generated_Code/BitIoLdd3.c **** /*
  99:../Generated_Code/BitIoLdd3.c **** ** ===================================================================
 100:../Generated_Code/BitIoLdd3.c **** **     Method      :  BitIoLdd3_Init (component BitIO_LDD)
 101:../Generated_Code/BitIoLdd3.c **** */
 102:../Generated_Code/BitIoLdd3.c **** /*!
 103:../Generated_Code/BitIoLdd3.c **** **     @brief
 104:../Generated_Code/BitIoLdd3.c **** **         Initializes the device. Allocates memory for the device data
 105:../Generated_Code/BitIoLdd3.c **** **         structure, allocates interrupt vectors and sets interrupt
 106:../Generated_Code/BitIoLdd3.c **** **         priority, sets pin routing, sets timing, etc. If the "Enable
 107:../Generated_Code/BitIoLdd3.c **** **         in init. code" is set to "yes" value then the device is also
 108:../Generated_Code/BitIoLdd3.c **** **         enabled(see the description of the Enable() method). In this
 109:../Generated_Code/BitIoLdd3.c **** **         case the Enable() method is not necessary and needn't to be
 110:../Generated_Code/BitIoLdd3.c **** **         generated. 
 111:../Generated_Code/BitIoLdd3.c **** **     @param
 112:../Generated_Code/BitIoLdd3.c **** **         UserDataPtr     - Pointer to the user or
 113:../Generated_Code/BitIoLdd3.c **** **                           RTOS specific data. This pointer will be
 114:../Generated_Code/BitIoLdd3.c **** **                           passed as an event or callback parameter.
 115:../Generated_Code/BitIoLdd3.c **** **     @return
 116:../Generated_Code/BitIoLdd3.c **** **                         - Pointer to the dynamically allocated private
 117:../Generated_Code/BitIoLdd3.c **** **                           structure or NULL if there was an error.
 118:../Generated_Code/BitIoLdd3.c **** */
 119:../Generated_Code/BitIoLdd3.c **** /* ===================================================================*/
 120:../Generated_Code/BitIoLdd3.c **** LDD_TDeviceData* BitIoLdd3_Init(LDD_TUserData *UserDataPtr)
 121:../Generated_Code/BitIoLdd3.c **** {
  26              		.loc 1 121 0
  27              		.cfi_startproc
  28              	.LVL0:
 122:../Generated_Code/BitIoLdd3.c ****   /* Allocate device structure */
 123:../Generated_Code/BitIoLdd3.c ****   BitIoLdd3_TDeviceDataPtr DeviceDataPrv;
 124:../Generated_Code/BitIoLdd3.c **** 
 125:../Generated_Code/BitIoLdd3.c ****   /* {FreeRTOS RTOS Adapter} Driver memory allocation: Dynamic allocation is simulated by a pointer
 126:../Generated_Code/BitIoLdd3.c ****   DeviceDataPrv = &DeviceDataPrv__DEFAULT_RTOS_ALLOC;
 127:../Generated_Code/BitIoLdd3.c ****   DeviceDataPrv->UserDataPtr = UserDataPtr; /* Store the RTOS device structure */
 128:../Generated_Code/BitIoLdd3.c ****   /* Configure pin as output */
 129:../Generated_Code/BitIoLdd3.c ****   /* GPIOB_PDDR: PDD|=0x00040000 */
 130:../Generated_Code/BitIoLdd3.c ****   GPIOB_PDDR |= GPIO_PDDR_PDD(0x00040000);
  29              		.loc 1 130 0
  30 0000 0B4B     		ldr	r3, .L2
 127:../Generated_Code/BitIoLdd3.c ****   DeviceDataPrv->UserDataPtr = UserDataPtr; /* Store the RTOS device structure */
  31              		.loc 1 127 0
  32 0002 0C4A     		ldr	r2, .L2+4
  33              		.loc 1 130 0
  34 0004 8021     		mov	r1, #128
 127:../Generated_Code/BitIoLdd3.c ****   DeviceDataPrv->UserDataPtr = UserDataPtr; /* Store the RTOS device structure */
  35              		.loc 1 127 0
  36 0006 1060     		str	r0, [r2]
  37              		.loc 1 130 0
  38 0008 5869     		ldr	r0, [r3, #20]
  39              	.LVL1:
  40 000a C902     		lsl	r1, r1, #11
  41 000c 0143     		orr	r1, r0
  42 000e 5961     		str	r1, [r3, #20]
 131:../Generated_Code/BitIoLdd3.c ****   /* Set initialization value */
 132:../Generated_Code/BitIoLdd3.c ****   /* GPIOB_PDOR: PDO&=~0x00040000 */
 133:../Generated_Code/BitIoLdd3.c ****   GPIOB_PDOR &= (uint32_t)~(uint32_t)(GPIO_PDOR_PDO(0x00040000));
  43              		.loc 1 133 0
  44 0010 1868     		ldr	r0, [r3]
  45 0012 0949     		ldr	r1, .L2+8
 134:../Generated_Code/BitIoLdd3.c ****   /* Initialization of Port Control register */
 135:../Generated_Code/BitIoLdd3.c ****   /* PORTB_PCR18: ISF=0,MUX=1 */
 136:../Generated_Code/BitIoLdd3.c ****   PORTB_PCR18 = (uint32_t)((PORTB_PCR18 & (uint32_t)~(uint32_t)(
 137:../Generated_Code/BitIoLdd3.c ****                  PORT_PCR_ISF_MASK |
 138:../Generated_Code/BitIoLdd3.c ****                  PORT_PCR_MUX(0x06)
 139:../Generated_Code/BitIoLdd3.c ****                 )) | (uint32_t)(
 140:../Generated_Code/BitIoLdd3.c ****                  PORT_PCR_MUX(0x01)
 141:../Generated_Code/BitIoLdd3.c ****                 ));
 142:../Generated_Code/BitIoLdd3.c ****   /* Registration of the device structure */
 143:../Generated_Code/BitIoLdd3.c ****   PE_LDD_RegisterDeviceStructure(PE_LDD_COMPONENT_BitIoLdd3_ID,DeviceDataPrv);
 144:../Generated_Code/BitIoLdd3.c ****   return ((LDD_TDeviceData *)DeviceDataPrv);
 145:../Generated_Code/BitIoLdd3.c **** }
  46              		.loc 1 145 0
  47              		@ sp needed for prologue
 133:../Generated_Code/BitIoLdd3.c ****   GPIOB_PDOR &= (uint32_t)~(uint32_t)(GPIO_PDOR_PDO(0x00040000));
  48              		.loc 1 133 0
  49 0014 0140     		and	r1, r0
  50 0016 1960     		str	r1, [r3]
 136:../Generated_Code/BitIoLdd3.c ****   PORTB_PCR18 = (uint32_t)((PORTB_PCR18 & (uint32_t)~(uint32_t)(
  51              		.loc 1 136 0
  52 0018 084B     		ldr	r3, .L2+12
  53 001a 0949     		ldr	r1, .L2+16
  54 001c 986C     		ldr	r0, [r3, #72]
  55 001e 0140     		and	r1, r0
  56 0020 8020     		mov	r0, #128
  57 0022 4000     		lsl	r0, r0, #1
  58 0024 0143     		orr	r1, r0
  59 0026 9964     		str	r1, [r3, #72]
 143:../Generated_Code/BitIoLdd3.c ****   PE_LDD_RegisterDeviceStructure(PE_LDD_COMPONENT_BitIoLdd3_ID,DeviceDataPrv);
  60              		.loc 1 143 0
  61 0028 064B     		ldr	r3, .L2+20
  62              		.loc 1 145 0
  63 002a 101C     		mov	r0, r2
 143:../Generated_Code/BitIoLdd3.c ****   PE_LDD_RegisterDeviceStructure(PE_LDD_COMPONENT_BitIoLdd3_ID,DeviceDataPrv);
  64              		.loc 1 143 0
  65 002c 1A60     		str	r2, [r3]
  66              		.loc 1 145 0
  67 002e 7047     		bx	lr
  68              	.L3:
  69              		.align	2
  70              	.L2:
  71 0030 40F00F40 		.word	1074786368
  72 0034 00000000 		.word	.LANCHOR0
  73 0038 FFFFFBFF 		.word	-262145
  74 003c 00A00440 		.word	1074044928
  75 0040 FFF8FFFE 		.word	-16779009
  76 0044 00000000 		.word	PE_LDD_DeviceDataList
  77              		.cfi_endproc
  78              	.LFE0:
  80              		.section	.text.BitIoLdd3_GetVal,"ax",%progbits
  81              		.align	1
  82              		.global	BitIoLdd3_GetVal
  83              		.code	16
  84              		.thumb_func
  86              	BitIoLdd3_GetVal:
  87              	.LFB1:
 146:../Generated_Code/BitIoLdd3.c **** /*
 147:../Generated_Code/BitIoLdd3.c **** ** ===================================================================
 148:../Generated_Code/BitIoLdd3.c **** **     Method      :  BitIoLdd3_GetVal (component BitIO_LDD)
 149:../Generated_Code/BitIoLdd3.c **** */
 150:../Generated_Code/BitIoLdd3.c **** /*!
 151:../Generated_Code/BitIoLdd3.c **** **     @brief
 152:../Generated_Code/BitIoLdd3.c **** **         Returns the input/output value. If the direction is [input]
 153:../Generated_Code/BitIoLdd3.c **** **         then the input value of the pin is read and returned. If the
 154:../Generated_Code/BitIoLdd3.c **** **         direction is [output] then the last written value is read
 155:../Generated_Code/BitIoLdd3.c **** **         and returned (see <Safe mode> property for limitations).
 156:../Generated_Code/BitIoLdd3.c **** **         This method cannot be disabled if direction is [input].
 157:../Generated_Code/BitIoLdd3.c **** **     @param
 158:../Generated_Code/BitIoLdd3.c **** **         DeviceDataPtr   - Device data structure
 159:../Generated_Code/BitIoLdd3.c **** **                           pointer returned by <Init> method.
 160:../Generated_Code/BitIoLdd3.c **** **     @return
 161:../Generated_Code/BitIoLdd3.c **** **                         - Input or output value. Possible values:
 162:../Generated_Code/BitIoLdd3.c **** **                           <false> - logical "0" (Low level)
 163:../Generated_Code/BitIoLdd3.c **** **                           <true> - logical "1" (High level)
 164:../Generated_Code/BitIoLdd3.c **** */
 165:../Generated_Code/BitIoLdd3.c **** /* ===================================================================*/
 166:../Generated_Code/BitIoLdd3.c **** bool BitIoLdd3_GetVal(LDD_TDeviceData *DeviceDataPtr)
 167:../Generated_Code/BitIoLdd3.c **** {
  88              		.loc 1 167 0
  89              		.cfi_startproc
  90              	.LVL2:
 168:../Generated_Code/BitIoLdd3.c ****   uint32_t PortData;                   /* Port data masked according to the bit used */
 169:../Generated_Code/BitIoLdd3.c **** 
 170:../Generated_Code/BitIoLdd3.c ****   (void)DeviceDataPtr;                 /* Parameter is not used, suppress unused argument warning *
 171:../Generated_Code/BitIoLdd3.c ****   PortData = GPIO_PDD_GetPortDataOutput(BitIoLdd3_MODULE_BASE_ADDRESS) & BitIoLdd3_PORT_MASK;
  91              		.loc 1 171 0
  92 0000 024B     		ldr	r3, .L5
 172:../Generated_Code/BitIoLdd3.c ****   return (PortData != 0U) ? (bool)TRUE : (bool)FALSE;
 173:../Generated_Code/BitIoLdd3.c **** }
  93              		.loc 1 173 0
  94              		@ sp needed for prologue
 171:../Generated_Code/BitIoLdd3.c ****   PortData = GPIO_PDD_GetPortDataOutput(BitIoLdd3_MODULE_BASE_ADDRESS) & BitIoLdd3_PORT_MASK;
  95              		.loc 1 171 0
  96 0002 1868     		ldr	r0, [r3]
  97              	.LVL3:
 172:../Generated_Code/BitIoLdd3.c ****   return (PortData != 0U) ? (bool)TRUE : (bool)FALSE;
  98              		.loc 1 172 0
  99 0004 4103     		lsl	r1, r0, #13
 100 0006 C80F     		lsr	r0, r1, #31
 101              	.LVL4:
 102              		.loc 1 173 0
 103 0008 7047     		bx	lr
 104              	.L6:
 105 000a C046     		.align	2
 106              	.L5:
 107 000c 40F00FF8 		.word	-133173184
 108              		.cfi_endproc
 109              	.LFE1:
 111              		.section	.text.BitIoLdd3_ClrVal,"ax",%progbits
 112              		.align	1
 113              		.global	BitIoLdd3_ClrVal
 114              		.code	16
 115              		.thumb_func
 117              	BitIoLdd3_ClrVal:
 118              	.LFB2:
 174:../Generated_Code/BitIoLdd3.c **** 
 175:../Generated_Code/BitIoLdd3.c **** /*
 176:../Generated_Code/BitIoLdd3.c **** ** ===================================================================
 177:../Generated_Code/BitIoLdd3.c **** **     Method      :  BitIoLdd3_ClrVal (component BitIO_LDD)
 178:../Generated_Code/BitIoLdd3.c **** */
 179:../Generated_Code/BitIoLdd3.c **** /*!
 180:../Generated_Code/BitIoLdd3.c **** **     @brief
 181:../Generated_Code/BitIoLdd3.c **** **         Clears (set to zero) the output value. It is equivalent to
 182:../Generated_Code/BitIoLdd3.c **** **         the [PutVal(FALSE)]. This method is available only if the
 183:../Generated_Code/BitIoLdd3.c **** **         direction = _[output]_ or _[input/output]_.
 184:../Generated_Code/BitIoLdd3.c **** **     @param
 185:../Generated_Code/BitIoLdd3.c **** **         DeviceDataPtr   - Pointer to device data
 186:../Generated_Code/BitIoLdd3.c **** **                           structure returned by <Init> method.
 187:../Generated_Code/BitIoLdd3.c **** */
 188:../Generated_Code/BitIoLdd3.c **** /* ===================================================================*/
 189:../Generated_Code/BitIoLdd3.c **** void BitIoLdd3_ClrVal(LDD_TDeviceData *DeviceDataPtr)
 190:../Generated_Code/BitIoLdd3.c **** {
 119              		.loc 1 190 0
 120              		.cfi_startproc
 121              	.LVL5:
 191:../Generated_Code/BitIoLdd3.c ****   (void)DeviceDataPtr;                 /* Parameter is not used, suppress unused argument warning *
 192:../Generated_Code/BitIoLdd3.c ****   GPIO_PDD_ClearPortDataOutputMask(BitIoLdd3_MODULE_BASE_ADDRESS, BitIoLdd3_PORT_MASK);
 122              		.loc 1 192 0
 123 0000 8022     		mov	r2, #128
 124 0002 024B     		ldr	r3, .L8
 125 0004 D002     		lsl	r0, r2, #11
 126              	.LVL6:
 127 0006 9860     		str	r0, [r3, #8]
 193:../Generated_Code/BitIoLdd3.c **** }
 128              		.loc 1 193 0
 129              		@ sp needed for prologue
 130 0008 7047     		bx	lr
 131              	.L9:
 132 000a C046     		.align	2
 133              	.L8:
 134 000c 40F00FF8 		.word	-133173184
 135              		.cfi_endproc
 136              	.LFE2:
 138              		.section	.text.BitIoLdd3_SetVal,"ax",%progbits
 139              		.align	1
 140              		.global	BitIoLdd3_SetVal
 141              		.code	16
 142              		.thumb_func
 144              	BitIoLdd3_SetVal:
 145              	.LFB3:
 194:../Generated_Code/BitIoLdd3.c **** 
 195:../Generated_Code/BitIoLdd3.c **** /*
 196:../Generated_Code/BitIoLdd3.c **** ** ===================================================================
 197:../Generated_Code/BitIoLdd3.c **** **     Method      :  BitIoLdd3_SetVal (component BitIO_LDD)
 198:../Generated_Code/BitIoLdd3.c **** */
 199:../Generated_Code/BitIoLdd3.c **** /*!
 200:../Generated_Code/BitIoLdd3.c **** **     @brief
 201:../Generated_Code/BitIoLdd3.c **** **         Sets (to one) the output value. It is equivalent to the
 202:../Generated_Code/BitIoLdd3.c **** **         [PutVal(TRUE)]. This method is available only if the
 203:../Generated_Code/BitIoLdd3.c **** **         direction = _[output]_ or _[input/output]_.
 204:../Generated_Code/BitIoLdd3.c **** **     @param
 205:../Generated_Code/BitIoLdd3.c **** **         DeviceDataPtr   - Pointer to device data
 206:../Generated_Code/BitIoLdd3.c **** **                           structure returned by <Init> method.
 207:../Generated_Code/BitIoLdd3.c **** */
 208:../Generated_Code/BitIoLdd3.c **** /* ===================================================================*/
 209:../Generated_Code/BitIoLdd3.c **** void BitIoLdd3_SetVal(LDD_TDeviceData *DeviceDataPtr)
 210:../Generated_Code/BitIoLdd3.c **** {
 146              		.loc 1 210 0
 147              		.cfi_startproc
 148              	.LVL7:
 211:../Generated_Code/BitIoLdd3.c ****   (void)DeviceDataPtr;                 /* Parameter is not used, suppress unused argument warning *
 212:../Generated_Code/BitIoLdd3.c ****   GPIO_PDD_SetPortDataOutputMask(BitIoLdd3_MODULE_BASE_ADDRESS, BitIoLdd3_PORT_MASK);
 149              		.loc 1 212 0
 150 0000 8022     		mov	r2, #128
 151 0002 024B     		ldr	r3, .L11
 152 0004 D002     		lsl	r0, r2, #11
 153              	.LVL8:
 154 0006 5860     		str	r0, [r3, #4]
 213:../Generated_Code/BitIoLdd3.c **** }
 155              		.loc 1 213 0
 156              		@ sp needed for prologue
 157 0008 7047     		bx	lr
 158              	.L12:
 159 000a C046     		.align	2
 160              	.L11:
 161 000c 40F00FF8 		.word	-133173184
 162              		.cfi_endproc
 163              	.LFE3:
 165              		.section	.text.BitIoLdd3_NegVal,"ax",%progbits
 166              		.align	1
 167              		.global	BitIoLdd3_NegVal
 168              		.code	16
 169              		.thumb_func
 171              	BitIoLdd3_NegVal:
 172              	.LFB4:
 214:../Generated_Code/BitIoLdd3.c **** 
 215:../Generated_Code/BitIoLdd3.c **** /*
 216:../Generated_Code/BitIoLdd3.c **** ** ===================================================================
 217:../Generated_Code/BitIoLdd3.c **** **     Method      :  BitIoLdd3_NegVal (component BitIO_LDD)
 218:../Generated_Code/BitIoLdd3.c **** */
 219:../Generated_Code/BitIoLdd3.c **** /*!
 220:../Generated_Code/BitIoLdd3.c **** **     @brief
 221:../Generated_Code/BitIoLdd3.c **** **         Negates (inverts) the output value. It is equivalent to the
 222:../Generated_Code/BitIoLdd3.c **** **         [PutVal(!GetVal())]. This method is available only if the
 223:../Generated_Code/BitIoLdd3.c **** **         direction = _[output]_ or _[input/output]_.
 224:../Generated_Code/BitIoLdd3.c **** **     @param
 225:../Generated_Code/BitIoLdd3.c **** **         DeviceDataPtr   - Pointer to device data
 226:../Generated_Code/BitIoLdd3.c **** **                           structure returned by <Init> method.
 227:../Generated_Code/BitIoLdd3.c **** */
 228:../Generated_Code/BitIoLdd3.c **** /* ===================================================================*/
 229:../Generated_Code/BitIoLdd3.c **** void BitIoLdd3_NegVal(LDD_TDeviceData *DeviceDataPtr)
 230:../Generated_Code/BitIoLdd3.c **** {
 173              		.loc 1 230 0
 174              		.cfi_startproc
 175              	.LVL9:
 231:../Generated_Code/BitIoLdd3.c ****   (void)DeviceDataPtr;                 /* Parameter is not used, suppress unused argument warning *
 232:../Generated_Code/BitIoLdd3.c ****   GPIO_PDD_TogglePortDataOutputMask(BitIoLdd3_MODULE_BASE_ADDRESS, BitIoLdd3_PORT_MASK);
 176              		.loc 1 232 0
 177 0000 8022     		mov	r2, #128
 178 0002 024B     		ldr	r3, .L14
 179 0004 D002     		lsl	r0, r2, #11
 180              	.LVL10:
 181 0006 D860     		str	r0, [r3, #12]
 233:../Generated_Code/BitIoLdd3.c **** }
 182              		.loc 1 233 0
 183              		@ sp needed for prologue
 184 0008 7047     		bx	lr
 185              	.L15:
 186 000a C046     		.align	2
 187              	.L14:
 188 000c 40F00FF8 		.word	-133173184
 189              		.cfi_endproc
 190              	.LFE4:
 192              		.section	.bss.DeviceDataPrv__DEFAULT_RTOS_ALLOC,"aw",%nobits
 193              		.align	2
 194              		.set	.LANCHOR0,. + 0
 197              	DeviceDataPrv__DEFAULT_RTOS_ALLOC:
 198 0000 00000000 		.space	4
 199              		.text
 200              	.Letext0:
 201              		.file 2 "C:/Freescale/CW MCU v10.7/MCU/ARM_GCC_Support/ewl/EWL_C/include/cstdint"
 202              		.file 3 "../Generated_Code/PE_Types.h"
 203              		.file 4 "C:/Freescale/CW MCU v10.7/MCU/ProcessorExpert/lib/Kinetis/iofiles/MKL25Z4.h"
DEFINED SYMBOLS
                            *ABS*:00000000 BitIoLdd3.c
C:\Users\burak\AppData\Local\Temp\ccG58qPd.s:18     .text.BitIoLdd3_Init:00000000 $t
C:\Users\burak\AppData\Local\Temp\ccG58qPd.s:23     .text.BitIoLdd3_Init:00000000 BitIoLdd3_Init
C:\Users\burak\AppData\Local\Temp\ccG58qPd.s:71     .text.BitIoLdd3_Init:00000030 $d
C:\Users\burak\AppData\Local\Temp\ccG58qPd.s:81     .text.BitIoLdd3_GetVal:00000000 $t
C:\Users\burak\AppData\Local\Temp\ccG58qPd.s:86     .text.BitIoLdd3_GetVal:00000000 BitIoLdd3_GetVal
C:\Users\burak\AppData\Local\Temp\ccG58qPd.s:107    .text.BitIoLdd3_GetVal:0000000c $d
C:\Users\burak\AppData\Local\Temp\ccG58qPd.s:112    .text.BitIoLdd3_ClrVal:00000000 $t
C:\Users\burak\AppData\Local\Temp\ccG58qPd.s:117    .text.BitIoLdd3_ClrVal:00000000 BitIoLdd3_ClrVal
C:\Users\burak\AppData\Local\Temp\ccG58qPd.s:134    .text.BitIoLdd3_ClrVal:0000000c $d
C:\Users\burak\AppData\Local\Temp\ccG58qPd.s:139    .text.BitIoLdd3_SetVal:00000000 $t
C:\Users\burak\AppData\Local\Temp\ccG58qPd.s:144    .text.BitIoLdd3_SetVal:00000000 BitIoLdd3_SetVal
C:\Users\burak\AppData\Local\Temp\ccG58qPd.s:161    .text.BitIoLdd3_SetVal:0000000c $d
C:\Users\burak\AppData\Local\Temp\ccG58qPd.s:166    .text.BitIoLdd3_NegVal:00000000 $t
C:\Users\burak\AppData\Local\Temp\ccG58qPd.s:171    .text.BitIoLdd3_NegVal:00000000 BitIoLdd3_NegVal
C:\Users\burak\AppData\Local\Temp\ccG58qPd.s:188    .text.BitIoLdd3_NegVal:0000000c $d
C:\Users\burak\AppData\Local\Temp\ccG58qPd.s:193    .bss.DeviceDataPrv__DEFAULT_RTOS_ALLOC:00000000 $d
C:\Users\burak\AppData\Local\Temp\ccG58qPd.s:197    .bss.DeviceDataPrv__DEFAULT_RTOS_ALLOC:00000000 DeviceDataPrv__DEFAULT_RTOS_ALLOC
                     .debug_frame:00000010 $d

UNDEFINED SYMBOLS
PE_LDD_DeviceDataList
