   1              		.cpu cortex-m0
   2              		.fpu softvfp
   3              		.eabi_attribute 20, 1
   4              		.eabi_attribute 21, 1
   5              		.eabi_attribute 23, 3
   6              		.eabi_attribute 24, 1
   7              		.eabi_attribute 25, 1
   8              		.eabi_attribute 26, 1
   9              		.eabi_attribute 30, 6
  10              		.eabi_attribute 34, 0
  11              		.eabi_attribute 18, 4
  12              		.code	16
  13              		.file	"ProcessorExpert.c"
  14              		.text
  15              	.Ltext0:
  16              		.cfi_sections	.debug_frame
  17              		.section	.text.main,"ax",%progbits
  18              		.align	2
  19              		.global	main
  20              		.code	16
  21              		.thumb_func
  23              	main:
  24              	.LFB0:
  25              		.file 1 "../Sources/ProcessorExpert.c"
   1:../Sources/ProcessorExpert.c **** /** ###################################################################
   2:../Sources/ProcessorExpert.c **** **     Filename    : ProcessorExpert.c
   3:../Sources/ProcessorExpert.c **** **     Project     : ProcessorExpert
   4:../Sources/ProcessorExpert.c **** **     Processor   : MKL25Z128VLK4
   5:../Sources/ProcessorExpert.c **** **     Version     : Driver 01.01
   6:../Sources/ProcessorExpert.c **** **     Compiler    : GNU C Compiler
   7:../Sources/ProcessorExpert.c **** **     Date/Time   : 2012-08-23, 07:09, # CodeGen: 0
   8:../Sources/ProcessorExpert.c **** **     Abstract    :
   9:../Sources/ProcessorExpert.c **** **         Main module.
  10:../Sources/ProcessorExpert.c **** **         This module contains user's application code.
  11:../Sources/ProcessorExpert.c **** **     Settings    :
  12:../Sources/ProcessorExpert.c **** **     Contents    :
  13:../Sources/ProcessorExpert.c **** **         No public methods
  14:../Sources/ProcessorExpert.c **** **
  15:../Sources/ProcessorExpert.c **** ** ###################################################################*/
  16:../Sources/ProcessorExpert.c **** /* MODULE ProcessorExpert */
  17:../Sources/ProcessorExpert.c **** 
  18:../Sources/ProcessorExpert.c **** 
  19:../Sources/ProcessorExpert.c **** /* Including needed modules to compile this module/procedure */
  20:../Sources/ProcessorExpert.c **** #include "Cpu.h"
  21:../Sources/ProcessorExpert.c **** #include "Events.h"
  22:../Sources/ProcessorExpert.c **** #include "LED1.h"
  23:../Sources/ProcessorExpert.c **** #include "LEDpin4.h"
  24:../Sources/ProcessorExpert.c **** #include "BitIoLdd4.h"
  25:../Sources/ProcessorExpert.c **** #include "LED2.h"
  26:../Sources/ProcessorExpert.c **** #include "LEDpin5.h"
  27:../Sources/ProcessorExpert.c **** #include "BitIoLdd5.h"
  28:../Sources/ProcessorExpert.c **** #include "LED3.h"
  29:../Sources/ProcessorExpert.c **** #include "LEDpin6.h"
  30:../Sources/ProcessorExpert.c **** #include "BitIoLdd6.h"
  31:../Sources/ProcessorExpert.c **** #include "I2C2.h"
  32:../Sources/ProcessorExpert.c **** /* Including shared modules, which are used for whole project */
  33:../Sources/ProcessorExpert.c **** #include "PE_Types.h"
  34:../Sources/ProcessorExpert.c **** #include "PE_Error.h"
  35:../Sources/ProcessorExpert.c **** #include "PE_Const.h"
  36:../Sources/ProcessorExpert.c **** #include "IO_Map.h"
  37:../Sources/ProcessorExpert.c **** 
  38:../Sources/ProcessorExpert.c **** /* User includes (#include below this line is not maintained by Processor Expert) */
  39:../Sources/ProcessorExpert.c **** #include "MMA8451.h"
  40:../Sources/ProcessorExpert.c **** 
  41:../Sources/ProcessorExpert.c **** int main(void)
  42:../Sources/ProcessorExpert.c **** {
  26              		.loc 1 42 0
  27              		.cfi_startproc
  28 0000 80B5     		push	{r7, lr}
  29              	.LCFI0:
  30              		.cfi_def_cfa_offset 8
  31              		.cfi_offset 7, -8
  32              		.cfi_offset 14, -4
  33 0002 00AF     		add	r7, sp, #0
  34              	.LCFI1:
  35              		.cfi_def_cfa_register 7
  43:../Sources/ProcessorExpert.c ****   /* Write your local variable definition here */
  44:../Sources/ProcessorExpert.c **** 
  45:../Sources/ProcessorExpert.c ****   /*** Processor Expert internal initialization. DON'T REMOVE THIS CODE!!! ***/
  46:../Sources/ProcessorExpert.c ****   PE_low_level_init();
  36              		.loc 1 46 0
  37 0004 FFF7FEFF 		bl	PE_low_level_init
  47:../Sources/ProcessorExpert.c ****   /*** End of Processor Expert internal initialization.                    ***/
  48:../Sources/ProcessorExpert.c **** 
  49:../Sources/ProcessorExpert.c ****   /* Write your code here */
  50:../Sources/ProcessorExpert.c ****   /* For example: for(;;) { } */
  51:../Sources/ProcessorExpert.c ****   MMA8451_Run();
  38              		.loc 1 51 0
  39 0008 FFF7FEFF 		bl	MMA8451_Run
  40              	.L2:
  52:../Sources/ProcessorExpert.c **** 
  53:../Sources/ProcessorExpert.c ****   /*** Don't write any code pass this line, or it will be deleted during code generation. ***/
  54:../Sources/ProcessorExpert.c ****   /*** RTOS startup code. Macro PEX_RTOS_START is defined by the RTOS component. DON'T MODIFY THIS 
  55:../Sources/ProcessorExpert.c ****   #ifdef PEX_RTOS_START
  56:../Sources/ProcessorExpert.c ****     PEX_RTOS_START();                  /* Startup of the selected RTOS. Macro is defined by the RTO
  57:../Sources/ProcessorExpert.c ****   #endif
  58:../Sources/ProcessorExpert.c ****   /*** End of RTOS startup code.  ***/
  59:../Sources/ProcessorExpert.c ****   /*** Processor Expert end of main routine. DON'T MODIFY THIS CODE!!! ***/
  60:../Sources/ProcessorExpert.c ****   for(;;){}
  41              		.loc 1 60 0
  42 000c FEE7     		b	.L2
  43              		.cfi_endproc
  44              	.LFE0:
  46 000e C046     		.text
  47              	.Letext0:
DEFINED SYMBOLS
                            *ABS*:00000000 ProcessorExpert.c
C:\Users\burak\AppData\Local\Temp\ccWJKM2V.s:18     .text.main:00000000 $t
C:\Users\burak\AppData\Local\Temp\ccWJKM2V.s:23     .text.main:00000000 main
                     .debug_frame:00000010 $d

UNDEFINED SYMBOLS
PE_low_level_init
MMA8451_Run
