   1              		.cpu cortex-m0
   2              		.fpu softvfp
   3              		.eabi_attribute 20, 1
   4              		.eabi_attribute 21, 1
   5              		.eabi_attribute 23, 3
   6              		.eabi_attribute 24, 1
   7              		.eabi_attribute 25, 1
   8              		.eabi_attribute 26, 1
   9              		.eabi_attribute 30, 2
  10              		.eabi_attribute 34, 0
  11              		.eabi_attribute 18, 4
  12              		.code	16
  13              		.file	"BitIoLdd2.c"
  14              		.text
  15              	.Ltext0:
  16              		.cfi_sections	.debug_frame
  17              		.section	.text.BitIoLdd2_Init,"ax",%progbits
  18              		.align	2
  19              		.global	BitIoLdd2_Init
  20              		.code	16
  21              		.thumb_func
  23              	BitIoLdd2_Init:
  24              	.LFB0:
  25              		.file 1 "../Generated_Code/BitIoLdd2.c"
   1:../Generated_Code/BitIoLdd2.c **** /** ###################################################################
   2:../Generated_Code/BitIoLdd2.c **** **     THIS COMPONENT MODULE IS GENERATED BY THE TOOL. DO NOT MODIFY IT.
   3:../Generated_Code/BitIoLdd2.c **** **     Filename    : BitIoLdd2.c
   4:../Generated_Code/BitIoLdd2.c **** **     Project     : ProcessorExpert
   5:../Generated_Code/BitIoLdd2.c **** **     Processor   : MKL25Z128VLK4
   6:../Generated_Code/BitIoLdd2.c **** **     Component   : BitIO_LDD
   7:../Generated_Code/BitIoLdd2.c **** **     Version     : Component 01.031, Driver 01.00, CPU db: 3.00.000
   8:../Generated_Code/BitIoLdd2.c **** **     Compiler    : GNU C Compiler
   9:../Generated_Code/BitIoLdd2.c **** **     Date/Time   : 2012-12-25, 17:10, # CodeGen: 10
  10:../Generated_Code/BitIoLdd2.c **** **     Abstract    :
  11:../Generated_Code/BitIoLdd2.c **** **         The HAL BitIO component provides a low level API for unified
  12:../Generated_Code/BitIoLdd2.c **** **         access to general purpose digital input/output pins across
  13:../Generated_Code/BitIoLdd2.c **** **         various device designs.
  14:../Generated_Code/BitIoLdd2.c **** **
  15:../Generated_Code/BitIoLdd2.c **** **         RTOS drivers using HAL BitIO API are simpler and more
  16:../Generated_Code/BitIoLdd2.c **** **         portable to various microprocessors.
  17:../Generated_Code/BitIoLdd2.c **** **     Settings    :
  18:../Generated_Code/BitIoLdd2.c **** **          Component name                                 : BitIoLdd2
  19:../Generated_Code/BitIoLdd2.c **** **          Pin for I/O                                    : TSI0_CH12/PTB19/TPM2_CH1
  20:../Generated_Code/BitIoLdd2.c **** **          Pin signal                                     : LED_GREEN
  21:../Generated_Code/BitIoLdd2.c **** **          Direction                                      : Output
  22:../Generated_Code/BitIoLdd2.c **** **          Initialization                                 : 
  23:../Generated_Code/BitIoLdd2.c **** **            Init. direction                              : Output
  24:../Generated_Code/BitIoLdd2.c **** **            Init. value                                  : 0
  25:../Generated_Code/BitIoLdd2.c **** **            Auto Initialization                          : yes
  26:../Generated_Code/BitIoLdd2.c **** **          Safe mode                                      : yes
  27:../Generated_Code/BitIoLdd2.c **** **     Contents    :
  28:../Generated_Code/BitIoLdd2.c **** **         Init   - LDD_TDeviceData* BitIoLdd2_Init(LDD_TUserData *UserDataPtr);
  29:../Generated_Code/BitIoLdd2.c **** **         GetVal - bool BitIoLdd2_GetVal(LDD_TDeviceData *DeviceDataPtr);
  30:../Generated_Code/BitIoLdd2.c **** **         ClrVal - void BitIoLdd2_ClrVal(LDD_TDeviceData *DeviceDataPtr);
  31:../Generated_Code/BitIoLdd2.c **** **         SetVal - void BitIoLdd2_SetVal(LDD_TDeviceData *DeviceDataPtr);
  32:../Generated_Code/BitIoLdd2.c **** **         NegVal - void BitIoLdd2_NegVal(LDD_TDeviceData *DeviceDataPtr);
  33:../Generated_Code/BitIoLdd2.c **** **
  34:../Generated_Code/BitIoLdd2.c **** **     Copyright : 1997 - 2012 Freescale, Inc. All Rights Reserved.
  35:../Generated_Code/BitIoLdd2.c **** **     
  36:../Generated_Code/BitIoLdd2.c **** **     http      : www.freescale.com
  37:../Generated_Code/BitIoLdd2.c **** **     mail      : support@freescale.com
  38:../Generated_Code/BitIoLdd2.c **** ** ###################################################################*/
  39:../Generated_Code/BitIoLdd2.c **** 
  40:../Generated_Code/BitIoLdd2.c **** /* MODULE BitIoLdd2. */
  41:../Generated_Code/BitIoLdd2.c **** 
  42:../Generated_Code/BitIoLdd2.c **** #include "BitIoLdd2.h"
  43:../Generated_Code/BitIoLdd2.c **** 
  44:../Generated_Code/BitIoLdd2.c **** typedef struct {
  45:../Generated_Code/BitIoLdd2.c ****   LDD_TUserData *UserDataPtr;          /* Pointer to user data */
  46:../Generated_Code/BitIoLdd2.c **** } BitIoLdd2_TDeviceData;               /* Device data structure type */
  47:../Generated_Code/BitIoLdd2.c **** 
  48:../Generated_Code/BitIoLdd2.c **** typedef BitIoLdd2_TDeviceData *BitIoLdd2_TDeviceDataPtr ; /* Pointer to the device data structure. 
  49:../Generated_Code/BitIoLdd2.c **** 
  50:../Generated_Code/BitIoLdd2.c **** /* {Default RTOS Adapter} Static object used for simulation of dynamic driver memory allocation */
  51:../Generated_Code/BitIoLdd2.c **** static BitIoLdd2_TDeviceData DeviceDataPrv__DEFAULT_RTOS_ALLOC;
  52:../Generated_Code/BitIoLdd2.c **** /*
  53:../Generated_Code/BitIoLdd2.c **** ** ===================================================================
  54:../Generated_Code/BitIoLdd2.c **** **     Method      :  BitIoLdd2_Init (component BitIO_LDD)
  55:../Generated_Code/BitIoLdd2.c **** **
  56:../Generated_Code/BitIoLdd2.c **** **     Description :
  57:../Generated_Code/BitIoLdd2.c **** **         Initializes the device. Allocates memory for the device data
  58:../Generated_Code/BitIoLdd2.c **** **         structure, allocates interrupt vectors and sets interrupt
  59:../Generated_Code/BitIoLdd2.c **** **         priority, sets pin routing, sets timing, etc. If the "Enable
  60:../Generated_Code/BitIoLdd2.c **** **         in init. code" is set to "yes" value then the device is also
  61:../Generated_Code/BitIoLdd2.c **** **         enabled(see the description of the Enable() method). In this
  62:../Generated_Code/BitIoLdd2.c **** **         case the Enable() method is not necessary and needn't to be
  63:../Generated_Code/BitIoLdd2.c **** **         generated. 
  64:../Generated_Code/BitIoLdd2.c **** **     Parameters  :
  65:../Generated_Code/BitIoLdd2.c **** **         NAME            - DESCRIPTION
  66:../Generated_Code/BitIoLdd2.c **** **       * UserDataPtr     - Pointer to the user or
  67:../Generated_Code/BitIoLdd2.c **** **                           RTOS specific data. This pointer will be
  68:../Generated_Code/BitIoLdd2.c **** **                           passed as an event or callback parameter.
  69:../Generated_Code/BitIoLdd2.c **** **     Returns     :
  70:../Generated_Code/BitIoLdd2.c **** **         ---             - Pointer to the dynamically allocated
  71:../Generated_Code/BitIoLdd2.c **** **                           private structure or NULL if there was an
  72:../Generated_Code/BitIoLdd2.c **** **                           error.
  73:../Generated_Code/BitIoLdd2.c **** ** ===================================================================
  74:../Generated_Code/BitIoLdd2.c **** */
  75:../Generated_Code/BitIoLdd2.c **** LDD_TDeviceData* BitIoLdd2_Init(LDD_TUserData *UserDataPtr)
  76:../Generated_Code/BitIoLdd2.c **** {
  26              		.loc 1 76 0
  27              		.cfi_startproc
  28              	.LVL0:
  77:../Generated_Code/BitIoLdd2.c ****   /* Allocate device structure */
  78:../Generated_Code/BitIoLdd2.c ****   BitIoLdd2_TDeviceDataPtr DeviceDataPrv;
  79:../Generated_Code/BitIoLdd2.c ****   /* {Default RTOS Adapter} Driver memory allocation: Dynamic allocation is simulated by a pointer 
  80:../Generated_Code/BitIoLdd2.c ****   DeviceDataPrv = &DeviceDataPrv__DEFAULT_RTOS_ALLOC;
  81:../Generated_Code/BitIoLdd2.c **** 
  82:../Generated_Code/BitIoLdd2.c ****   DeviceDataPrv->UserDataPtr = UserDataPtr; /* Store the RTOS device structure */
  83:../Generated_Code/BitIoLdd2.c **** 
  84:../Generated_Code/BitIoLdd2.c ****   /* Configure pin as output */
  85:../Generated_Code/BitIoLdd2.c ****   /* GPIOB_PDDR: PDD|=0x00080000 */
  86:../Generated_Code/BitIoLdd2.c ****   GPIOB_PDDR |= GPIO_PDDR_PDD(0x00080000);                                                   
  29              		.loc 1 86 0
  30 0000 0B4B     		ldr	r3, .L2
  82:../Generated_Code/BitIoLdd2.c ****   DeviceDataPrv->UserDataPtr = UserDataPtr; /* Store the RTOS device structure */
  31              		.loc 1 82 0
  32 0002 0C4A     		ldr	r2, .L2+4
  33              		.loc 1 86 0
  34 0004 8021     		mov	r1, #128
  82:../Generated_Code/BitIoLdd2.c ****   DeviceDataPrv->UserDataPtr = UserDataPtr; /* Store the RTOS device structure */
  35              		.loc 1 82 0
  36 0006 1060     		str	r0, [r2]
  37              		.loc 1 86 0
  38 0008 5869     		ldr	r0, [r3, #20]
  39              	.LVL1:
  40 000a 0903     		lsl	r1, r1, #12
  41 000c 0143     		orr	r1, r0
  42 000e 5961     		str	r1, [r3, #20]
  87:../Generated_Code/BitIoLdd2.c **** 
  88:../Generated_Code/BitIoLdd2.c ****   /* Set initialization value */
  89:../Generated_Code/BitIoLdd2.c ****   /* GPIOB_PDOR: PDO&=~0x00080000 */
  90:../Generated_Code/BitIoLdd2.c ****   GPIOB_PDOR &= (uint32_t)~(uint32_t)(GPIO_PDOR_PDO(0x00080000));                                  
  43              		.loc 1 90 0
  44 0010 1868     		ldr	r0, [r3]
  45 0012 0949     		ldr	r1, .L2+8
  91:../Generated_Code/BitIoLdd2.c **** 
  92:../Generated_Code/BitIoLdd2.c ****   /* Initialization of Port Control register */
  93:../Generated_Code/BitIoLdd2.c ****   /* PORTB_PCR19: ISF=0,MUX=1 */
  94:../Generated_Code/BitIoLdd2.c ****   PORTB_PCR19 = (uint32_t)((PORTB_PCR19 & (uint32_t)~(uint32_t)(
  95:../Generated_Code/BitIoLdd2.c ****                  PORT_PCR_ISF_MASK |
  96:../Generated_Code/BitIoLdd2.c ****                  PORT_PCR_MUX(0x06)
  97:../Generated_Code/BitIoLdd2.c ****                 )) | (uint32_t)(
  98:../Generated_Code/BitIoLdd2.c ****                  PORT_PCR_MUX(0x01)
  99:../Generated_Code/BitIoLdd2.c ****                 ));                                                  
 100:../Generated_Code/BitIoLdd2.c ****   /* Registration of the device structure */
 101:../Generated_Code/BitIoLdd2.c ****   PE_LDD_RegisterDeviceStructure(PE_LDD_COMPONENT_BitIoLdd2_ID,DeviceDataPrv);
 102:../Generated_Code/BitIoLdd2.c ****   return ((LDD_TDeviceData *)DeviceDataPrv);
 103:../Generated_Code/BitIoLdd2.c **** }
  46              		.loc 1 103 0
  47              		@ sp needed for prologue
  90:../Generated_Code/BitIoLdd2.c ****   GPIOB_PDOR &= (uint32_t)~(uint32_t)(GPIO_PDOR_PDO(0x00080000));                                  
  48              		.loc 1 90 0
  49 0014 0140     		and	r1, r0
  50 0016 1960     		str	r1, [r3]
  94:../Generated_Code/BitIoLdd2.c ****   PORTB_PCR19 = (uint32_t)((PORTB_PCR19 & (uint32_t)~(uint32_t)(
  51              		.loc 1 94 0
  52 0018 084B     		ldr	r3, .L2+12
  53 001a 0949     		ldr	r1, .L2+16
  54 001c D86C     		ldr	r0, [r3, #76]
  55 001e 0140     		and	r1, r0
  56 0020 8020     		mov	r0, #128
  57 0022 4000     		lsl	r0, r0, #1
  58 0024 0143     		orr	r1, r0
  59 0026 D964     		str	r1, [r3, #76]
 101:../Generated_Code/BitIoLdd2.c ****   PE_LDD_RegisterDeviceStructure(PE_LDD_COMPONENT_BitIoLdd2_ID,DeviceDataPrv);
  60              		.loc 1 101 0
  61 0028 064B     		ldr	r3, .L2+20
  62              		.loc 1 103 0
  63 002a 101C     		mov	r0, r2
 101:../Generated_Code/BitIoLdd2.c ****   PE_LDD_RegisterDeviceStructure(PE_LDD_COMPONENT_BitIoLdd2_ID,DeviceDataPrv);
  64              		.loc 1 101 0
  65 002c 5A60     		str	r2, [r3, #4]
  66              		.loc 1 103 0
  67 002e 7047     		bx	lr
  68              	.L3:
  69              		.align	2
  70              	.L2:
  71 0030 40F00F40 		.word	1074786368
  72 0034 00000000 		.word	.LANCHOR0
  73 0038 FFFFF7FF 		.word	-524289
  74 003c 00A00440 		.word	1074044928
  75 0040 FFF8FFFE 		.word	-16779009
  76 0044 00000000 		.word	PE_LDD_DeviceDataList
  77              		.cfi_endproc
  78              	.LFE0:
  80              		.section	.text.BitIoLdd2_GetVal,"ax",%progbits
  81              		.align	2
  82              		.global	BitIoLdd2_GetVal
  83              		.code	16
  84              		.thumb_func
  86              	BitIoLdd2_GetVal:
  87              	.LFB1:
 104:../Generated_Code/BitIoLdd2.c **** /*
 105:../Generated_Code/BitIoLdd2.c **** ** ===================================================================
 106:../Generated_Code/BitIoLdd2.c **** **     Method      :  BitIoLdd2_GetVal (component BitIO_LDD)
 107:../Generated_Code/BitIoLdd2.c **** **
 108:../Generated_Code/BitIoLdd2.c **** **     Description :
 109:../Generated_Code/BitIoLdd2.c **** **         Returns the input/output value. If the direction is [input]
 110:../Generated_Code/BitIoLdd2.c **** **         then the input value of the pin is read and returned. If the
 111:../Generated_Code/BitIoLdd2.c **** **         direction is [output] then the last written value is read
 112:../Generated_Code/BitIoLdd2.c **** **         and returned (see <Safe mode> property for limitations).
 113:../Generated_Code/BitIoLdd2.c **** **         This method cannot be disabled if direction is [input].
 114:../Generated_Code/BitIoLdd2.c **** **     Parameters  :
 115:../Generated_Code/BitIoLdd2.c **** **         NAME            - DESCRIPTION
 116:../Generated_Code/BitIoLdd2.c **** **       * DeviceDataPtr   - Device data structure
 117:../Generated_Code/BitIoLdd2.c **** **                           pointer returned by <Init> method.
 118:../Generated_Code/BitIoLdd2.c **** **     Returns     :
 119:../Generated_Code/BitIoLdd2.c **** **         ---             - Input or output value. Possible values:
 120:../Generated_Code/BitIoLdd2.c **** **                           <false> - logical "0" (Low level)
 121:../Generated_Code/BitIoLdd2.c **** **                           <true> - logical "1" (High level)
 122:../Generated_Code/BitIoLdd2.c **** ** ===================================================================
 123:../Generated_Code/BitIoLdd2.c **** */
 124:../Generated_Code/BitIoLdd2.c **** bool BitIoLdd2_GetVal(LDD_TDeviceData *DeviceDataPtr)
 125:../Generated_Code/BitIoLdd2.c **** {
  88              		.loc 1 125 0
  89              		.cfi_startproc
  90              	.LVL2:
 126:../Generated_Code/BitIoLdd2.c ****   uint32_t portData;                   /* Port data masked according to the bit used */
 127:../Generated_Code/BitIoLdd2.c **** 
 128:../Generated_Code/BitIoLdd2.c ****   (void)DeviceDataPtr;                 /* Parameter is not used, suppress unused argument warning *
 129:../Generated_Code/BitIoLdd2.c **** 
 130:../Generated_Code/BitIoLdd2.c ****   portData = GPIO_PDD_GetPortDataOutput(BitIoLdd2_MODULE_BASE_ADDRESS) & BitIoLdd2_PORT_MASK;
  91              		.loc 1 130 0
  92 0000 024B     		ldr	r3, .L5
 131:../Generated_Code/BitIoLdd2.c **** 
 132:../Generated_Code/BitIoLdd2.c ****   return (portData != 0U) ? (bool)TRUE : (bool)FALSE;
 133:../Generated_Code/BitIoLdd2.c **** }
  93              		.loc 1 133 0
  94              		@ sp needed for prologue
 130:../Generated_Code/BitIoLdd2.c ****   portData = GPIO_PDD_GetPortDataOutput(BitIoLdd2_MODULE_BASE_ADDRESS) & BitIoLdd2_PORT_MASK;
  95              		.loc 1 130 0
  96 0002 1868     		ldr	r0, [r3]
  97              	.LVL3:
 132:../Generated_Code/BitIoLdd2.c ****   return (portData != 0U) ? (bool)TRUE : (bool)FALSE;
  98              		.loc 1 132 0
  99 0004 0103     		lsl	r1, r0, #12
 100 0006 C80F     		lsr	r0, r1, #31
 101              	.LVL4:
 102              		.loc 1 133 0
 103 0008 7047     		bx	lr
 104              	.L6:
 105 000a C046     		.align	2
 106              	.L5:
 107 000c 40F00FF8 		.word	-133173184
 108              		.cfi_endproc
 109              	.LFE1:
 111              		.section	.text.BitIoLdd2_ClrVal,"ax",%progbits
 112              		.align	2
 113              		.global	BitIoLdd2_ClrVal
 114              		.code	16
 115              		.thumb_func
 117              	BitIoLdd2_ClrVal:
 118              	.LFB2:
 134:../Generated_Code/BitIoLdd2.c **** 
 135:../Generated_Code/BitIoLdd2.c **** /*
 136:../Generated_Code/BitIoLdd2.c **** ** ===================================================================
 137:../Generated_Code/BitIoLdd2.c **** **     Method      :  BitIoLdd2_ClrVal (component BitIO_LDD)
 138:../Generated_Code/BitIoLdd2.c **** **
 139:../Generated_Code/BitIoLdd2.c **** **     Description :
 140:../Generated_Code/BitIoLdd2.c **** **         Clears (set to zero) the output value. It is equivalent to
 141:../Generated_Code/BitIoLdd2.c **** **         the [PutVal(FALSE)]. This method is available only if the
 142:../Generated_Code/BitIoLdd2.c **** **         direction = _[output]_ or _[input/output]_.
 143:../Generated_Code/BitIoLdd2.c **** **     Parameters  :
 144:../Generated_Code/BitIoLdd2.c **** **         NAME            - DESCRIPTION
 145:../Generated_Code/BitIoLdd2.c **** **       * DeviceDataPtr   - Pointer to device data
 146:../Generated_Code/BitIoLdd2.c **** **                           structure returned by <Init> method.
 147:../Generated_Code/BitIoLdd2.c **** **     Returns     : Nothing
 148:../Generated_Code/BitIoLdd2.c **** ** ===================================================================
 149:../Generated_Code/BitIoLdd2.c **** */
 150:../Generated_Code/BitIoLdd2.c **** void BitIoLdd2_ClrVal(LDD_TDeviceData *DeviceDataPtr)
 151:../Generated_Code/BitIoLdd2.c **** {
 119              		.loc 1 151 0
 120              		.cfi_startproc
 121              	.LVL5:
 152:../Generated_Code/BitIoLdd2.c ****   (void)DeviceDataPtr;                 /* Parameter is not used, suppress unused argument warning *
 153:../Generated_Code/BitIoLdd2.c **** 
 154:../Generated_Code/BitIoLdd2.c ****   GPIO_PDD_ClearPortDataOutputMask(BitIoLdd2_MODULE_BASE_ADDRESS, BitIoLdd2_PORT_MASK);
 122              		.loc 1 154 0
 123 0000 8022     		mov	r2, #128
 124 0002 024B     		ldr	r3, .L8
 125 0004 1003     		lsl	r0, r2, #12
 126              	.LVL6:
 127 0006 9860     		str	r0, [r3, #8]
 155:../Generated_Code/BitIoLdd2.c **** }
 128              		.loc 1 155 0
 129              		@ sp needed for prologue
 130 0008 7047     		bx	lr
 131              	.L9:
 132 000a C046     		.align	2
 133              	.L8:
 134 000c 40F00FF8 		.word	-133173184
 135              		.cfi_endproc
 136              	.LFE2:
 138              		.section	.text.BitIoLdd2_SetVal,"ax",%progbits
 139              		.align	2
 140              		.global	BitIoLdd2_SetVal
 141              		.code	16
 142              		.thumb_func
 144              	BitIoLdd2_SetVal:
 145              	.LFB3:
 156:../Generated_Code/BitIoLdd2.c **** 
 157:../Generated_Code/BitIoLdd2.c **** /*
 158:../Generated_Code/BitIoLdd2.c **** ** ===================================================================
 159:../Generated_Code/BitIoLdd2.c **** **     Method      :  BitIoLdd2_SetVal (component BitIO_LDD)
 160:../Generated_Code/BitIoLdd2.c **** **
 161:../Generated_Code/BitIoLdd2.c **** **     Description :
 162:../Generated_Code/BitIoLdd2.c **** **         Sets (to one) the output value. It is equivalent to the
 163:../Generated_Code/BitIoLdd2.c **** **         [PutVal(TRUE)]. This method is available only if the
 164:../Generated_Code/BitIoLdd2.c **** **         direction = _[output]_ or _[input/output]_.
 165:../Generated_Code/BitIoLdd2.c **** **     Parameters  :
 166:../Generated_Code/BitIoLdd2.c **** **         NAME            - DESCRIPTION
 167:../Generated_Code/BitIoLdd2.c **** **       * DeviceDataPtr   - Pointer to device data
 168:../Generated_Code/BitIoLdd2.c **** **                           structure returned by <Init> method.
 169:../Generated_Code/BitIoLdd2.c **** **     Returns     : Nothing
 170:../Generated_Code/BitIoLdd2.c **** ** ===================================================================
 171:../Generated_Code/BitIoLdd2.c **** */
 172:../Generated_Code/BitIoLdd2.c **** void BitIoLdd2_SetVal(LDD_TDeviceData *DeviceDataPtr)
 173:../Generated_Code/BitIoLdd2.c **** {
 146              		.loc 1 173 0
 147              		.cfi_startproc
 148              	.LVL7:
 174:../Generated_Code/BitIoLdd2.c ****   (void)DeviceDataPtr;                 /* Parameter is not used, suppress unused argument warning *
 175:../Generated_Code/BitIoLdd2.c **** 
 176:../Generated_Code/BitIoLdd2.c ****   GPIO_PDD_SetPortDataOutputMask(BitIoLdd2_MODULE_BASE_ADDRESS, BitIoLdd2_PORT_MASK);
 149              		.loc 1 176 0
 150 0000 8022     		mov	r2, #128
 151 0002 024B     		ldr	r3, .L11
 152 0004 1003     		lsl	r0, r2, #12
 153              	.LVL8:
 154 0006 5860     		str	r0, [r3, #4]
 177:../Generated_Code/BitIoLdd2.c **** }
 155              		.loc 1 177 0
 156              		@ sp needed for prologue
 157 0008 7047     		bx	lr
 158              	.L12:
 159 000a C046     		.align	2
 160              	.L11:
 161 000c 40F00FF8 		.word	-133173184
 162              		.cfi_endproc
 163              	.LFE3:
 165              		.section	.text.BitIoLdd2_NegVal,"ax",%progbits
 166              		.align	2
 167              		.global	BitIoLdd2_NegVal
 168              		.code	16
 169              		.thumb_func
 171              	BitIoLdd2_NegVal:
 172              	.LFB4:
 178:../Generated_Code/BitIoLdd2.c **** 
 179:../Generated_Code/BitIoLdd2.c **** /*
 180:../Generated_Code/BitIoLdd2.c **** ** ===================================================================
 181:../Generated_Code/BitIoLdd2.c **** **     Method      :  BitIoLdd2_NegVal (component BitIO_LDD)
 182:../Generated_Code/BitIoLdd2.c **** **
 183:../Generated_Code/BitIoLdd2.c **** **     Description :
 184:../Generated_Code/BitIoLdd2.c **** **         Negates (inverts) the output value. It is equivalent to the
 185:../Generated_Code/BitIoLdd2.c **** **         [PutVal(!GetVal())]. This method is available only if the
 186:../Generated_Code/BitIoLdd2.c **** **         direction = _[output]_ or _[input/output]_.
 187:../Generated_Code/BitIoLdd2.c **** **     Parameters  :
 188:../Generated_Code/BitIoLdd2.c **** **         NAME            - DESCRIPTION
 189:../Generated_Code/BitIoLdd2.c **** **       * DeviceDataPtr   - Pointer to device data
 190:../Generated_Code/BitIoLdd2.c **** **                           structure returned by <Init> method.
 191:../Generated_Code/BitIoLdd2.c **** **     Returns     : Nothing
 192:../Generated_Code/BitIoLdd2.c **** ** ===================================================================
 193:../Generated_Code/BitIoLdd2.c **** */
 194:../Generated_Code/BitIoLdd2.c **** void BitIoLdd2_NegVal(LDD_TDeviceData *DeviceDataPtr)
 195:../Generated_Code/BitIoLdd2.c **** {
 173              		.loc 1 195 0
 174              		.cfi_startproc
 175              	.LVL9:
 196:../Generated_Code/BitIoLdd2.c ****   (void)DeviceDataPtr;                 /* Parameter is not used, suppress unused argument warning *
 197:../Generated_Code/BitIoLdd2.c **** 
 198:../Generated_Code/BitIoLdd2.c ****   GPIO_PDD_TogglePortDataOutputMask(BitIoLdd2_MODULE_BASE_ADDRESS, BitIoLdd2_PORT_MASK);
 176              		.loc 1 198 0
 177 0000 8022     		mov	r2, #128
 178 0002 024B     		ldr	r3, .L14
 179 0004 1003     		lsl	r0, r2, #12
 180              	.LVL10:
 181 0006 D860     		str	r0, [r3, #12]
 199:../Generated_Code/BitIoLdd2.c **** }
 182              		.loc 1 199 0
 183              		@ sp needed for prologue
 184 0008 7047     		bx	lr
 185              	.L15:
 186 000a C046     		.align	2
 187              	.L14:
 188 000c 40F00FF8 		.word	-133173184
 189              		.cfi_endproc
 190              	.LFE4:
 192              		.section	.bss.DeviceDataPrv__DEFAULT_RTOS_ALLOC,"aw",%nobits
 193              		.align	2
 194              		.set	.LANCHOR0,. + 0
 197              	DeviceDataPrv__DEFAULT_RTOS_ALLOC:
 198 0000 00000000 		.space	4
 199              		.text
 200              	.Letext0:
 201              		.file 2 "C:/Freescale/CW MCU v10.7/MCU/ARM_GCC_Support/ewl/EWL_C/include/cstdint"
 202              		.file 3 "../Generated_Code/PE_Types.h"
 203              		.file 4 "../Generated_Code/IO_Map.h"
 204              		.file 5 "../Generated_Code/PE_LDD.h"
DEFINED SYMBOLS
                            *ABS*:00000000 BitIoLdd2.c
C:\Users\burak\AppData\Local\Temp\ccxcgdRq.s:18     .text.BitIoLdd2_Init:00000000 $t
C:\Users\burak\AppData\Local\Temp\ccxcgdRq.s:23     .text.BitIoLdd2_Init:00000000 BitIoLdd2_Init
C:\Users\burak\AppData\Local\Temp\ccxcgdRq.s:71     .text.BitIoLdd2_Init:00000030 $d
C:\Users\burak\AppData\Local\Temp\ccxcgdRq.s:81     .text.BitIoLdd2_GetVal:00000000 $t
C:\Users\burak\AppData\Local\Temp\ccxcgdRq.s:86     .text.BitIoLdd2_GetVal:00000000 BitIoLdd2_GetVal
C:\Users\burak\AppData\Local\Temp\ccxcgdRq.s:107    .text.BitIoLdd2_GetVal:0000000c $d
C:\Users\burak\AppData\Local\Temp\ccxcgdRq.s:112    .text.BitIoLdd2_ClrVal:00000000 $t
C:\Users\burak\AppData\Local\Temp\ccxcgdRq.s:117    .text.BitIoLdd2_ClrVal:00000000 BitIoLdd2_ClrVal
C:\Users\burak\AppData\Local\Temp\ccxcgdRq.s:134    .text.BitIoLdd2_ClrVal:0000000c $d
C:\Users\burak\AppData\Local\Temp\ccxcgdRq.s:139    .text.BitIoLdd2_SetVal:00000000 $t
C:\Users\burak\AppData\Local\Temp\ccxcgdRq.s:144    .text.BitIoLdd2_SetVal:00000000 BitIoLdd2_SetVal
C:\Users\burak\AppData\Local\Temp\ccxcgdRq.s:161    .text.BitIoLdd2_SetVal:0000000c $d
C:\Users\burak\AppData\Local\Temp\ccxcgdRq.s:166    .text.BitIoLdd2_NegVal:00000000 $t
C:\Users\burak\AppData\Local\Temp\ccxcgdRq.s:171    .text.BitIoLdd2_NegVal:00000000 BitIoLdd2_NegVal
C:\Users\burak\AppData\Local\Temp\ccxcgdRq.s:188    .text.BitIoLdd2_NegVal:0000000c $d
C:\Users\burak\AppData\Local\Temp\ccxcgdRq.s:193    .bss.DeviceDataPrv__DEFAULT_RTOS_ALLOC:00000000 $d
C:\Users\burak\AppData\Local\Temp\ccxcgdRq.s:197    .bss.DeviceDataPrv__DEFAULT_RTOS_ALLOC:00000000 DeviceDataPrv__DEFAULT_RTOS_ALLOC
                     .debug_frame:00000010 $d

UNDEFINED SYMBOLS
PE_LDD_DeviceDataList
