   1              		.cpu cortex-m0
   2              		.fpu softvfp
   3              		.eabi_attribute 20, 1
   4              		.eabi_attribute 21, 1
   5              		.eabi_attribute 23, 3
   6              		.eabi_attribute 24, 1
   7              		.eabi_attribute 25, 1
   8              		.eabi_attribute 26, 1
   9              		.eabi_attribute 30, 2
  10              		.eabi_attribute 34, 0
  11              		.eabi_attribute 18, 4
  12              		.code	16
  13              		.file	"BitIoLdd1.c"
  14              		.text
  15              	.Ltext0:
  16              		.cfi_sections	.debug_frame
  17              		.section	.text.BitIoLdd1_Init,"ax",%progbits
  18              		.align	2
  19              		.global	BitIoLdd1_Init
  20              		.code	16
  21              		.thumb_func
  23              	BitIoLdd1_Init:
  24              	.LFB0:
  25              		.file 1 "../Generated_Code/BitIoLdd1.c"
   1:../Generated_Code/BitIoLdd1.c **** /** ###################################################################
   2:../Generated_Code/BitIoLdd1.c **** **     THIS COMPONENT MODULE IS GENERATED BY THE TOOL. DO NOT MODIFY IT.
   3:../Generated_Code/BitIoLdd1.c **** **     Filename    : BitIoLdd1.c
   4:../Generated_Code/BitIoLdd1.c **** **     Project     : ProcessorExpert
   5:../Generated_Code/BitIoLdd1.c **** **     Processor   : MKL25Z128VLK4
   6:../Generated_Code/BitIoLdd1.c **** **     Component   : BitIO_LDD
   7:../Generated_Code/BitIoLdd1.c **** **     Version     : Component 01.031, Driver 01.00, CPU db: 3.00.000
   8:../Generated_Code/BitIoLdd1.c **** **     Compiler    : GNU C Compiler
   9:../Generated_Code/BitIoLdd1.c **** **     Date/Time   : 2012-12-25, 17:10, # CodeGen: 10
  10:../Generated_Code/BitIoLdd1.c **** **     Abstract    :
  11:../Generated_Code/BitIoLdd1.c **** **         The HAL BitIO component provides a low level API for unified
  12:../Generated_Code/BitIoLdd1.c **** **         access to general purpose digital input/output pins across
  13:../Generated_Code/BitIoLdd1.c **** **         various device designs.
  14:../Generated_Code/BitIoLdd1.c **** **
  15:../Generated_Code/BitIoLdd1.c **** **         RTOS drivers using HAL BitIO API are simpler and more
  16:../Generated_Code/BitIoLdd1.c **** **         portable to various microprocessors.
  17:../Generated_Code/BitIoLdd1.c **** **     Settings    :
  18:../Generated_Code/BitIoLdd1.c **** **          Component name                                 : BitIoLdd1
  19:../Generated_Code/BitIoLdd1.c **** **          Pin for I/O                                    : ADC0_SE5b/PTD1/SPI0_SCK/TPM0_CH1
  20:../Generated_Code/BitIoLdd1.c **** **          Pin signal                                     : LED_BLUE
  21:../Generated_Code/BitIoLdd1.c **** **          Direction                                      : Output
  22:../Generated_Code/BitIoLdd1.c **** **          Initialization                                 : 
  23:../Generated_Code/BitIoLdd1.c **** **            Init. direction                              : Output
  24:../Generated_Code/BitIoLdd1.c **** **            Init. value                                  : 0
  25:../Generated_Code/BitIoLdd1.c **** **            Auto Initialization                          : yes
  26:../Generated_Code/BitIoLdd1.c **** **          Safe mode                                      : yes
  27:../Generated_Code/BitIoLdd1.c **** **     Contents    :
  28:../Generated_Code/BitIoLdd1.c **** **         Init   - LDD_TDeviceData* BitIoLdd1_Init(LDD_TUserData *UserDataPtr);
  29:../Generated_Code/BitIoLdd1.c **** **         GetVal - bool BitIoLdd1_GetVal(LDD_TDeviceData *DeviceDataPtr);
  30:../Generated_Code/BitIoLdd1.c **** **         ClrVal - void BitIoLdd1_ClrVal(LDD_TDeviceData *DeviceDataPtr);
  31:../Generated_Code/BitIoLdd1.c **** **         SetVal - void BitIoLdd1_SetVal(LDD_TDeviceData *DeviceDataPtr);
  32:../Generated_Code/BitIoLdd1.c **** **         NegVal - void BitIoLdd1_NegVal(LDD_TDeviceData *DeviceDataPtr);
  33:../Generated_Code/BitIoLdd1.c **** **
  34:../Generated_Code/BitIoLdd1.c **** **     Copyright : 1997 - 2012 Freescale, Inc. All Rights Reserved.
  35:../Generated_Code/BitIoLdd1.c **** **     
  36:../Generated_Code/BitIoLdd1.c **** **     http      : www.freescale.com
  37:../Generated_Code/BitIoLdd1.c **** **     mail      : support@freescale.com
  38:../Generated_Code/BitIoLdd1.c **** ** ###################################################################*/
  39:../Generated_Code/BitIoLdd1.c **** 
  40:../Generated_Code/BitIoLdd1.c **** /* MODULE BitIoLdd1. */
  41:../Generated_Code/BitIoLdd1.c **** 
  42:../Generated_Code/BitIoLdd1.c **** #include "BitIoLdd1.h"
  43:../Generated_Code/BitIoLdd1.c **** 
  44:../Generated_Code/BitIoLdd1.c **** typedef struct {
  45:../Generated_Code/BitIoLdd1.c ****   LDD_TUserData *UserDataPtr;          /* Pointer to user data */
  46:../Generated_Code/BitIoLdd1.c **** } BitIoLdd1_TDeviceData;               /* Device data structure type */
  47:../Generated_Code/BitIoLdd1.c **** 
  48:../Generated_Code/BitIoLdd1.c **** typedef BitIoLdd1_TDeviceData *BitIoLdd1_TDeviceDataPtr ; /* Pointer to the device data structure. 
  49:../Generated_Code/BitIoLdd1.c **** 
  50:../Generated_Code/BitIoLdd1.c **** /* {Default RTOS Adapter} Static object used for simulation of dynamic driver memory allocation */
  51:../Generated_Code/BitIoLdd1.c **** static BitIoLdd1_TDeviceData DeviceDataPrv__DEFAULT_RTOS_ALLOC;
  52:../Generated_Code/BitIoLdd1.c **** /*
  53:../Generated_Code/BitIoLdd1.c **** ** ===================================================================
  54:../Generated_Code/BitIoLdd1.c **** **     Method      :  BitIoLdd1_Init (component BitIO_LDD)
  55:../Generated_Code/BitIoLdd1.c **** **
  56:../Generated_Code/BitIoLdd1.c **** **     Description :
  57:../Generated_Code/BitIoLdd1.c **** **         Initializes the device. Allocates memory for the device data
  58:../Generated_Code/BitIoLdd1.c **** **         structure, allocates interrupt vectors and sets interrupt
  59:../Generated_Code/BitIoLdd1.c **** **         priority, sets pin routing, sets timing, etc. If the "Enable
  60:../Generated_Code/BitIoLdd1.c **** **         in init. code" is set to "yes" value then the device is also
  61:../Generated_Code/BitIoLdd1.c **** **         enabled(see the description of the Enable() method). In this
  62:../Generated_Code/BitIoLdd1.c **** **         case the Enable() method is not necessary and needn't to be
  63:../Generated_Code/BitIoLdd1.c **** **         generated. 
  64:../Generated_Code/BitIoLdd1.c **** **     Parameters  :
  65:../Generated_Code/BitIoLdd1.c **** **         NAME            - DESCRIPTION
  66:../Generated_Code/BitIoLdd1.c **** **       * UserDataPtr     - Pointer to the user or
  67:../Generated_Code/BitIoLdd1.c **** **                           RTOS specific data. This pointer will be
  68:../Generated_Code/BitIoLdd1.c **** **                           passed as an event or callback parameter.
  69:../Generated_Code/BitIoLdd1.c **** **     Returns     :
  70:../Generated_Code/BitIoLdd1.c **** **         ---             - Pointer to the dynamically allocated
  71:../Generated_Code/BitIoLdd1.c **** **                           private structure or NULL if there was an
  72:../Generated_Code/BitIoLdd1.c **** **                           error.
  73:../Generated_Code/BitIoLdd1.c **** ** ===================================================================
  74:../Generated_Code/BitIoLdd1.c **** */
  75:../Generated_Code/BitIoLdd1.c **** LDD_TDeviceData* BitIoLdd1_Init(LDD_TUserData *UserDataPtr)
  76:../Generated_Code/BitIoLdd1.c **** {
  26              		.loc 1 76 0
  27              		.cfi_startproc
  28              	.LVL0:
  77:../Generated_Code/BitIoLdd1.c ****   /* Allocate device structure */
  78:../Generated_Code/BitIoLdd1.c ****   BitIoLdd1_TDeviceDataPtr DeviceDataPrv;
  79:../Generated_Code/BitIoLdd1.c ****   /* {Default RTOS Adapter} Driver memory allocation: Dynamic allocation is simulated by a pointer 
  80:../Generated_Code/BitIoLdd1.c ****   DeviceDataPrv = &DeviceDataPrv__DEFAULT_RTOS_ALLOC;
  81:../Generated_Code/BitIoLdd1.c **** 
  82:../Generated_Code/BitIoLdd1.c ****   DeviceDataPrv->UserDataPtr = UserDataPtr; /* Store the RTOS device structure */
  83:../Generated_Code/BitIoLdd1.c **** 
  84:../Generated_Code/BitIoLdd1.c ****   /* Configure pin as output */
  85:../Generated_Code/BitIoLdd1.c ****   /* GPIOD_PDDR: PDD|=2 */
  86:../Generated_Code/BitIoLdd1.c ****   GPIOD_PDDR |= GPIO_PDDR_PDD(0x02);                                                   
  29              		.loc 1 86 0
  30 0000 0A4B     		ldr	r3, .L2
  82:../Generated_Code/BitIoLdd1.c ****   DeviceDataPrv->UserDataPtr = UserDataPtr; /* Store the RTOS device structure */
  31              		.loc 1 82 0
  32 0002 0B4A     		ldr	r2, .L2+4
  33              		.loc 1 86 0
  34 0004 0221     		mov	r1, #2
  82:../Generated_Code/BitIoLdd1.c ****   DeviceDataPrv->UserDataPtr = UserDataPtr; /* Store the RTOS device structure */
  35              		.loc 1 82 0
  36 0006 1060     		str	r0, [r2]
  37              		.loc 1 86 0
  38 0008 5869     		ldr	r0, [r3, #20]
  39              	.LVL1:
  87:../Generated_Code/BitIoLdd1.c **** 
  88:../Generated_Code/BitIoLdd1.c ****   /* Set initialization value */
  89:../Generated_Code/BitIoLdd1.c ****   /* GPIOD_PDOR: PDO&=~2 */
  90:../Generated_Code/BitIoLdd1.c ****   GPIOD_PDOR &= (uint32_t)~(uint32_t)(GPIO_PDOR_PDO(0x02));                                        
  91:../Generated_Code/BitIoLdd1.c **** 
  92:../Generated_Code/BitIoLdd1.c ****   /* Initialization of Port Control register */
  93:../Generated_Code/BitIoLdd1.c ****   /* PORTD_PCR1: ISF=0,MUX=1 */
  94:../Generated_Code/BitIoLdd1.c ****   PORTD_PCR1 = (uint32_t)((PORTD_PCR1 & (uint32_t)~(uint32_t)(
  95:../Generated_Code/BitIoLdd1.c ****                 PORT_PCR_ISF_MASK |
  96:../Generated_Code/BitIoLdd1.c ****                 PORT_PCR_MUX(0x06)
  97:../Generated_Code/BitIoLdd1.c ****                )) | (uint32_t)(
  98:../Generated_Code/BitIoLdd1.c ****                 PORT_PCR_MUX(0x01)
  99:../Generated_Code/BitIoLdd1.c ****                ));                                                  
 100:../Generated_Code/BitIoLdd1.c ****   /* Registration of the device structure */
 101:../Generated_Code/BitIoLdd1.c ****   PE_LDD_RegisterDeviceStructure(PE_LDD_COMPONENT_BitIoLdd1_ID,DeviceDataPrv);
 102:../Generated_Code/BitIoLdd1.c ****   return ((LDD_TDeviceData *)DeviceDataPrv);
 103:../Generated_Code/BitIoLdd1.c **** }
  40              		.loc 1 103 0
  41              		@ sp needed for prologue
  86:../Generated_Code/BitIoLdd1.c ****   GPIOD_PDDR |= GPIO_PDDR_PDD(0x02);                                                   
  42              		.loc 1 86 0
  43 000a 0843     		orr	r0, r1
  44 000c 5861     		str	r0, [r3, #20]
  90:../Generated_Code/BitIoLdd1.c ****   GPIOD_PDOR &= (uint32_t)~(uint32_t)(GPIO_PDOR_PDO(0x02));                                        
  45              		.loc 1 90 0
  46 000e 1868     		ldr	r0, [r3]
  47 0010 8843     		bic	r0, r1
  48 0012 1860     		str	r0, [r3]
  94:../Generated_Code/BitIoLdd1.c ****   PORTD_PCR1 = (uint32_t)((PORTD_PCR1 & (uint32_t)~(uint32_t)(
  49              		.loc 1 94 0
  50 0014 074B     		ldr	r3, .L2+8
  51 0016 0849     		ldr	r1, .L2+12
  52 0018 5868     		ldr	r0, [r3, #4]
  53 001a 0140     		and	r1, r0
  54 001c 8020     		mov	r0, #128
  55 001e 4000     		lsl	r0, r0, #1
  56 0020 0143     		orr	r1, r0
  57 0022 5960     		str	r1, [r3, #4]
 101:../Generated_Code/BitIoLdd1.c ****   PE_LDD_RegisterDeviceStructure(PE_LDD_COMPONENT_BitIoLdd1_ID,DeviceDataPrv);
  58              		.loc 1 101 0
  59 0024 054B     		ldr	r3, .L2+16
  60              		.loc 1 103 0
  61 0026 101C     		mov	r0, r2
 101:../Generated_Code/BitIoLdd1.c ****   PE_LDD_RegisterDeviceStructure(PE_LDD_COMPONENT_BitIoLdd1_ID,DeviceDataPrv);
  62              		.loc 1 101 0
  63 0028 9A60     		str	r2, [r3, #8]
  64              		.loc 1 103 0
  65 002a 7047     		bx	lr
  66              	.L3:
  67              		.align	2
  68              	.L2:
  69 002c C0F00F40 		.word	1074786496
  70 0030 00000000 		.word	.LANCHOR0
  71 0034 00C00440 		.word	1074053120
  72 0038 FFF8FFFE 		.word	-16779009
  73 003c 00000000 		.word	PE_LDD_DeviceDataList
  74              		.cfi_endproc
  75              	.LFE0:
  77              		.section	.text.BitIoLdd1_GetVal,"ax",%progbits
  78              		.align	2
  79              		.global	BitIoLdd1_GetVal
  80              		.code	16
  81              		.thumb_func
  83              	BitIoLdd1_GetVal:
  84              	.LFB1:
 104:../Generated_Code/BitIoLdd1.c **** /*
 105:../Generated_Code/BitIoLdd1.c **** ** ===================================================================
 106:../Generated_Code/BitIoLdd1.c **** **     Method      :  BitIoLdd1_GetVal (component BitIO_LDD)
 107:../Generated_Code/BitIoLdd1.c **** **
 108:../Generated_Code/BitIoLdd1.c **** **     Description :
 109:../Generated_Code/BitIoLdd1.c **** **         Returns the input/output value. If the direction is [input]
 110:../Generated_Code/BitIoLdd1.c **** **         then the input value of the pin is read and returned. If the
 111:../Generated_Code/BitIoLdd1.c **** **         direction is [output] then the last written value is read
 112:../Generated_Code/BitIoLdd1.c **** **         and returned (see <Safe mode> property for limitations).
 113:../Generated_Code/BitIoLdd1.c **** **         This method cannot be disabled if direction is [input].
 114:../Generated_Code/BitIoLdd1.c **** **     Parameters  :
 115:../Generated_Code/BitIoLdd1.c **** **         NAME            - DESCRIPTION
 116:../Generated_Code/BitIoLdd1.c **** **       * DeviceDataPtr   - Device data structure
 117:../Generated_Code/BitIoLdd1.c **** **                           pointer returned by <Init> method.
 118:../Generated_Code/BitIoLdd1.c **** **     Returns     :
 119:../Generated_Code/BitIoLdd1.c **** **         ---             - Input or output value. Possible values:
 120:../Generated_Code/BitIoLdd1.c **** **                           <false> - logical "0" (Low level)
 121:../Generated_Code/BitIoLdd1.c **** **                           <true> - logical "1" (High level)
 122:../Generated_Code/BitIoLdd1.c **** ** ===================================================================
 123:../Generated_Code/BitIoLdd1.c **** */
 124:../Generated_Code/BitIoLdd1.c **** bool BitIoLdd1_GetVal(LDD_TDeviceData *DeviceDataPtr)
 125:../Generated_Code/BitIoLdd1.c **** {
  85              		.loc 1 125 0
  86              		.cfi_startproc
  87              	.LVL2:
 126:../Generated_Code/BitIoLdd1.c ****   uint32_t portData;                   /* Port data masked according to the bit used */
 127:../Generated_Code/BitIoLdd1.c **** 
 128:../Generated_Code/BitIoLdd1.c ****   (void)DeviceDataPtr;                 /* Parameter is not used, suppress unused argument warning *
 129:../Generated_Code/BitIoLdd1.c **** 
 130:../Generated_Code/BitIoLdd1.c ****   portData = GPIO_PDD_GetPortDataOutput(BitIoLdd1_MODULE_BASE_ADDRESS) & BitIoLdd1_PORT_MASK;
  88              		.loc 1 130 0
  89 0000 024B     		ldr	r3, .L5
 131:../Generated_Code/BitIoLdd1.c **** 
 132:../Generated_Code/BitIoLdd1.c ****   return (portData != 0U) ? (bool)TRUE : (bool)FALSE;
 133:../Generated_Code/BitIoLdd1.c **** }
  90              		.loc 1 133 0
  91              		@ sp needed for prologue
 130:../Generated_Code/BitIoLdd1.c ****   portData = GPIO_PDD_GetPortDataOutput(BitIoLdd1_MODULE_BASE_ADDRESS) & BitIoLdd1_PORT_MASK;
  92              		.loc 1 130 0
  93 0002 1868     		ldr	r0, [r3]
  94              	.LVL3:
 132:../Generated_Code/BitIoLdd1.c ****   return (portData != 0U) ? (bool)TRUE : (bool)FALSE;
  95              		.loc 1 132 0
  96 0004 8107     		lsl	r1, r0, #30
  97 0006 C80F     		lsr	r0, r1, #31
  98              	.LVL4:
  99              		.loc 1 133 0
 100 0008 7047     		bx	lr
 101              	.L6:
 102 000a C046     		.align	2
 103              	.L5:
 104 000c C0F00FF8 		.word	-133173056
 105              		.cfi_endproc
 106              	.LFE1:
 108              		.section	.text.BitIoLdd1_ClrVal,"ax",%progbits
 109              		.align	2
 110              		.global	BitIoLdd1_ClrVal
 111              		.code	16
 112              		.thumb_func
 114              	BitIoLdd1_ClrVal:
 115              	.LFB2:
 134:../Generated_Code/BitIoLdd1.c **** 
 135:../Generated_Code/BitIoLdd1.c **** /*
 136:../Generated_Code/BitIoLdd1.c **** ** ===================================================================
 137:../Generated_Code/BitIoLdd1.c **** **     Method      :  BitIoLdd1_ClrVal (component BitIO_LDD)
 138:../Generated_Code/BitIoLdd1.c **** **
 139:../Generated_Code/BitIoLdd1.c **** **     Description :
 140:../Generated_Code/BitIoLdd1.c **** **         Clears (set to zero) the output value. It is equivalent to
 141:../Generated_Code/BitIoLdd1.c **** **         the [PutVal(FALSE)]. This method is available only if the
 142:../Generated_Code/BitIoLdd1.c **** **         direction = _[output]_ or _[input/output]_.
 143:../Generated_Code/BitIoLdd1.c **** **     Parameters  :
 144:../Generated_Code/BitIoLdd1.c **** **         NAME            - DESCRIPTION
 145:../Generated_Code/BitIoLdd1.c **** **       * DeviceDataPtr   - Pointer to device data
 146:../Generated_Code/BitIoLdd1.c **** **                           structure returned by <Init> method.
 147:../Generated_Code/BitIoLdd1.c **** **     Returns     : Nothing
 148:../Generated_Code/BitIoLdd1.c **** ** ===================================================================
 149:../Generated_Code/BitIoLdd1.c **** */
 150:../Generated_Code/BitIoLdd1.c **** void BitIoLdd1_ClrVal(LDD_TDeviceData *DeviceDataPtr)
 151:../Generated_Code/BitIoLdd1.c **** {
 116              		.loc 1 151 0
 117              		.cfi_startproc
 118              	.LVL5:
 152:../Generated_Code/BitIoLdd1.c ****   (void)DeviceDataPtr;                 /* Parameter is not used, suppress unused argument warning *
 153:../Generated_Code/BitIoLdd1.c **** 
 154:../Generated_Code/BitIoLdd1.c ****   GPIO_PDD_ClearPortDataOutputMask(BitIoLdd1_MODULE_BASE_ADDRESS, BitIoLdd1_PORT_MASK);
 119              		.loc 1 154 0
 120 0000 014B     		ldr	r3, .L8
 121 0002 0222     		mov	r2, #2
 122 0004 9A60     		str	r2, [r3, #8]
 155:../Generated_Code/BitIoLdd1.c **** }
 123              		.loc 1 155 0
 124              		@ sp needed for prologue
 125 0006 7047     		bx	lr
 126              	.L9:
 127              		.align	2
 128              	.L8:
 129 0008 C0F00FF8 		.word	-133173056
 130              		.cfi_endproc
 131              	.LFE2:
 133              		.section	.text.BitIoLdd1_SetVal,"ax",%progbits
 134              		.align	2
 135              		.global	BitIoLdd1_SetVal
 136              		.code	16
 137              		.thumb_func
 139              	BitIoLdd1_SetVal:
 140              	.LFB3:
 156:../Generated_Code/BitIoLdd1.c **** 
 157:../Generated_Code/BitIoLdd1.c **** /*
 158:../Generated_Code/BitIoLdd1.c **** ** ===================================================================
 159:../Generated_Code/BitIoLdd1.c **** **     Method      :  BitIoLdd1_SetVal (component BitIO_LDD)
 160:../Generated_Code/BitIoLdd1.c **** **
 161:../Generated_Code/BitIoLdd1.c **** **     Description :
 162:../Generated_Code/BitIoLdd1.c **** **         Sets (to one) the output value. It is equivalent to the
 163:../Generated_Code/BitIoLdd1.c **** **         [PutVal(TRUE)]. This method is available only if the
 164:../Generated_Code/BitIoLdd1.c **** **         direction = _[output]_ or _[input/output]_.
 165:../Generated_Code/BitIoLdd1.c **** **     Parameters  :
 166:../Generated_Code/BitIoLdd1.c **** **         NAME            - DESCRIPTION
 167:../Generated_Code/BitIoLdd1.c **** **       * DeviceDataPtr   - Pointer to device data
 168:../Generated_Code/BitIoLdd1.c **** **                           structure returned by <Init> method.
 169:../Generated_Code/BitIoLdd1.c **** **     Returns     : Nothing
 170:../Generated_Code/BitIoLdd1.c **** ** ===================================================================
 171:../Generated_Code/BitIoLdd1.c **** */
 172:../Generated_Code/BitIoLdd1.c **** void BitIoLdd1_SetVal(LDD_TDeviceData *DeviceDataPtr)
 173:../Generated_Code/BitIoLdd1.c **** {
 141              		.loc 1 173 0
 142              		.cfi_startproc
 143              	.LVL6:
 174:../Generated_Code/BitIoLdd1.c ****   (void)DeviceDataPtr;                 /* Parameter is not used, suppress unused argument warning *
 175:../Generated_Code/BitIoLdd1.c **** 
 176:../Generated_Code/BitIoLdd1.c ****   GPIO_PDD_SetPortDataOutputMask(BitIoLdd1_MODULE_BASE_ADDRESS, BitIoLdd1_PORT_MASK);
 144              		.loc 1 176 0
 145 0000 014B     		ldr	r3, .L11
 146 0002 0222     		mov	r2, #2
 147 0004 5A60     		str	r2, [r3, #4]
 177:../Generated_Code/BitIoLdd1.c **** }
 148              		.loc 1 177 0
 149              		@ sp needed for prologue
 150 0006 7047     		bx	lr
 151              	.L12:
 152              		.align	2
 153              	.L11:
 154 0008 C0F00FF8 		.word	-133173056
 155              		.cfi_endproc
 156              	.LFE3:
 158              		.section	.text.BitIoLdd1_NegVal,"ax",%progbits
 159              		.align	2
 160              		.global	BitIoLdd1_NegVal
 161              		.code	16
 162              		.thumb_func
 164              	BitIoLdd1_NegVal:
 165              	.LFB4:
 178:../Generated_Code/BitIoLdd1.c **** 
 179:../Generated_Code/BitIoLdd1.c **** /*
 180:../Generated_Code/BitIoLdd1.c **** ** ===================================================================
 181:../Generated_Code/BitIoLdd1.c **** **     Method      :  BitIoLdd1_NegVal (component BitIO_LDD)
 182:../Generated_Code/BitIoLdd1.c **** **
 183:../Generated_Code/BitIoLdd1.c **** **     Description :
 184:../Generated_Code/BitIoLdd1.c **** **         Negates (inverts) the output value. It is equivalent to the
 185:../Generated_Code/BitIoLdd1.c **** **         [PutVal(!GetVal())]. This method is available only if the
 186:../Generated_Code/BitIoLdd1.c **** **         direction = _[output]_ or _[input/output]_.
 187:../Generated_Code/BitIoLdd1.c **** **     Parameters  :
 188:../Generated_Code/BitIoLdd1.c **** **         NAME            - DESCRIPTION
 189:../Generated_Code/BitIoLdd1.c **** **       * DeviceDataPtr   - Pointer to device data
 190:../Generated_Code/BitIoLdd1.c **** **                           structure returned by <Init> method.
 191:../Generated_Code/BitIoLdd1.c **** **     Returns     : Nothing
 192:../Generated_Code/BitIoLdd1.c **** ** ===================================================================
 193:../Generated_Code/BitIoLdd1.c **** */
 194:../Generated_Code/BitIoLdd1.c **** void BitIoLdd1_NegVal(LDD_TDeviceData *DeviceDataPtr)
 195:../Generated_Code/BitIoLdd1.c **** {
 166              		.loc 1 195 0
 167              		.cfi_startproc
 168              	.LVL7:
 196:../Generated_Code/BitIoLdd1.c ****   (void)DeviceDataPtr;                 /* Parameter is not used, suppress unused argument warning *
 197:../Generated_Code/BitIoLdd1.c **** 
 198:../Generated_Code/BitIoLdd1.c ****   GPIO_PDD_TogglePortDataOutputMask(BitIoLdd1_MODULE_BASE_ADDRESS, BitIoLdd1_PORT_MASK);
 169              		.loc 1 198 0
 170 0000 014B     		ldr	r3, .L14
 171 0002 0222     		mov	r2, #2
 172 0004 DA60     		str	r2, [r3, #12]
 199:../Generated_Code/BitIoLdd1.c **** }
 173              		.loc 1 199 0
 174              		@ sp needed for prologue
 175 0006 7047     		bx	lr
 176              	.L15:
 177              		.align	2
 178              	.L14:
 179 0008 C0F00FF8 		.word	-133173056
 180              		.cfi_endproc
 181              	.LFE4:
 183              		.section	.bss.DeviceDataPrv__DEFAULT_RTOS_ALLOC,"aw",%nobits
 184              		.align	2
 185              		.set	.LANCHOR0,. + 0
 188              	DeviceDataPrv__DEFAULT_RTOS_ALLOC:
 189 0000 00000000 		.space	4
 190              		.text
 191              	.Letext0:
 192              		.file 2 "C:/Freescale/CW MCU v10.7/MCU/ARM_GCC_Support/ewl/EWL_C/include/cstdint"
 193              		.file 3 "../Generated_Code/PE_Types.h"
 194              		.file 4 "../Generated_Code/IO_Map.h"
 195              		.file 5 "../Generated_Code/PE_LDD.h"
DEFINED SYMBOLS
                            *ABS*:00000000 BitIoLdd1.c
C:\Users\burak\AppData\Local\Temp\ccMAYiLr.s:18     .text.BitIoLdd1_Init:00000000 $t
C:\Users\burak\AppData\Local\Temp\ccMAYiLr.s:23     .text.BitIoLdd1_Init:00000000 BitIoLdd1_Init
C:\Users\burak\AppData\Local\Temp\ccMAYiLr.s:69     .text.BitIoLdd1_Init:0000002c $d
C:\Users\burak\AppData\Local\Temp\ccMAYiLr.s:78     .text.BitIoLdd1_GetVal:00000000 $t
C:\Users\burak\AppData\Local\Temp\ccMAYiLr.s:83     .text.BitIoLdd1_GetVal:00000000 BitIoLdd1_GetVal
C:\Users\burak\AppData\Local\Temp\ccMAYiLr.s:104    .text.BitIoLdd1_GetVal:0000000c $d
C:\Users\burak\AppData\Local\Temp\ccMAYiLr.s:109    .text.BitIoLdd1_ClrVal:00000000 $t
C:\Users\burak\AppData\Local\Temp\ccMAYiLr.s:114    .text.BitIoLdd1_ClrVal:00000000 BitIoLdd1_ClrVal
C:\Users\burak\AppData\Local\Temp\ccMAYiLr.s:129    .text.BitIoLdd1_ClrVal:00000008 $d
C:\Users\burak\AppData\Local\Temp\ccMAYiLr.s:134    .text.BitIoLdd1_SetVal:00000000 $t
C:\Users\burak\AppData\Local\Temp\ccMAYiLr.s:139    .text.BitIoLdd1_SetVal:00000000 BitIoLdd1_SetVal
C:\Users\burak\AppData\Local\Temp\ccMAYiLr.s:154    .text.BitIoLdd1_SetVal:00000008 $d
C:\Users\burak\AppData\Local\Temp\ccMAYiLr.s:159    .text.BitIoLdd1_NegVal:00000000 $t
C:\Users\burak\AppData\Local\Temp\ccMAYiLr.s:164    .text.BitIoLdd1_NegVal:00000000 BitIoLdd1_NegVal
C:\Users\burak\AppData\Local\Temp\ccMAYiLr.s:179    .text.BitIoLdd1_NegVal:00000008 $d
C:\Users\burak\AppData\Local\Temp\ccMAYiLr.s:184    .bss.DeviceDataPrv__DEFAULT_RTOS_ALLOC:00000000 $d
C:\Users\burak\AppData\Local\Temp\ccMAYiLr.s:188    .bss.DeviceDataPrv__DEFAULT_RTOS_ALLOC:00000000 DeviceDataPrv__DEFAULT_RTOS_ALLOC
                     .debug_frame:00000010 $d

UNDEFINED SYMBOLS
PE_LDD_DeviceDataList
