   1              		.cpu cortex-m0
   2              		.fpu softvfp
   3              		.eabi_attribute 20, 1
   4              		.eabi_attribute 21, 1
   5              		.eabi_attribute 23, 3
   6              		.eabi_attribute 24, 1
   7              		.eabi_attribute 25, 1
   8              		.eabi_attribute 26, 1
   9              		.eabi_attribute 30, 6
  10              		.eabi_attribute 34, 0
  11              		.eabi_attribute 18, 4
  12              		.code	16
  13              		.file	"BitIoLdd6.c"
  14              		.text
  15              	.Ltext0:
  16              		.cfi_sections	.debug_frame
  17              		.section	.bss.DeviceDataPrv__DEFAULT_RTOS_ALLOC,"aw",%nobits
  18              		.align	2
  21              	DeviceDataPrv__DEFAULT_RTOS_ALLOC:
  22 0000 00000000 		.space	4
  23              		.section	.text.BitIoLdd6_Init,"ax",%progbits
  24              		.align	2
  25              		.global	BitIoLdd6_Init
  26              		.code	16
  27              		.thumb_func
  29              	BitIoLdd6_Init:
  30              	.LFB0:
  31              		.file 1 "../Generated_Code/BitIoLdd6.c"
   1:../Generated_Code/BitIoLdd6.c **** /** ###################################################################
   2:../Generated_Code/BitIoLdd6.c **** **     THIS COMPONENT MODULE IS GENERATED BY THE TOOL. DO NOT MODIFY IT.
   3:../Generated_Code/BitIoLdd6.c **** **     Filename    : BitIoLdd6.c
   4:../Generated_Code/BitIoLdd6.c **** **     Project     : ProcessorExpert
   5:../Generated_Code/BitIoLdd6.c **** **     Processor   : MKL25Z128VLK4
   6:../Generated_Code/BitIoLdd6.c **** **     Component   : BitIO_LDD
   7:../Generated_Code/BitIoLdd6.c **** **     Version     : Component 01.031, Driver 01.00, CPU db: 3.00.000
   8:../Generated_Code/BitIoLdd6.c **** **     Compiler    : GNU C Compiler
   9:../Generated_Code/BitIoLdd6.c **** **     Date/Time   : 2012-12-25, 18:56, # CodeGen: 13
  10:../Generated_Code/BitIoLdd6.c **** **     Abstract    :
  11:../Generated_Code/BitIoLdd6.c **** **         The HAL BitIO component provides a low level API for unified
  12:../Generated_Code/BitIoLdd6.c **** **         access to general purpose digital input/output pins across
  13:../Generated_Code/BitIoLdd6.c **** **         various device designs.
  14:../Generated_Code/BitIoLdd6.c **** **
  15:../Generated_Code/BitIoLdd6.c **** **         RTOS drivers using HAL BitIO API are simpler and more
  16:../Generated_Code/BitIoLdd6.c **** **         portable to various microprocessors.
  17:../Generated_Code/BitIoLdd6.c **** **     Settings    :
  18:../Generated_Code/BitIoLdd6.c **** **          Component name                                 : BitIoLdd6
  19:../Generated_Code/BitIoLdd6.c **** **          Pin for I/O                                    : ADC0_SE5b/PTD1/SPI0_SCK/TPM0_CH1
  20:../Generated_Code/BitIoLdd6.c **** **          Pin signal                                     : LED_BLUE
  21:../Generated_Code/BitIoLdd6.c **** **          Direction                                      : Output
  22:../Generated_Code/BitIoLdd6.c **** **          Initialization                                 : 
  23:../Generated_Code/BitIoLdd6.c **** **            Init. direction                              : Output
  24:../Generated_Code/BitIoLdd6.c **** **            Init. value                                  : 0
  25:../Generated_Code/BitIoLdd6.c **** **            Auto Initialization                          : yes
  26:../Generated_Code/BitIoLdd6.c **** **          Safe mode                                      : yes
  27:../Generated_Code/BitIoLdd6.c **** **     Contents    :
  28:../Generated_Code/BitIoLdd6.c **** **         Init   - LDD_TDeviceData* BitIoLdd6_Init(LDD_TUserData *UserDataPtr);
  29:../Generated_Code/BitIoLdd6.c **** **         GetVal - bool BitIoLdd6_GetVal(LDD_TDeviceData *DeviceDataPtr);
  30:../Generated_Code/BitIoLdd6.c **** **         ClrVal - void BitIoLdd6_ClrVal(LDD_TDeviceData *DeviceDataPtr);
  31:../Generated_Code/BitIoLdd6.c **** **         SetVal - void BitIoLdd6_SetVal(LDD_TDeviceData *DeviceDataPtr);
  32:../Generated_Code/BitIoLdd6.c **** **         NegVal - void BitIoLdd6_NegVal(LDD_TDeviceData *DeviceDataPtr);
  33:../Generated_Code/BitIoLdd6.c **** **
  34:../Generated_Code/BitIoLdd6.c **** **     Copyright : 1997 - 2012 Freescale, Inc. All Rights Reserved.
  35:../Generated_Code/BitIoLdd6.c **** **     
  36:../Generated_Code/BitIoLdd6.c **** **     http      : www.freescale.com
  37:../Generated_Code/BitIoLdd6.c **** **     mail      : support@freescale.com
  38:../Generated_Code/BitIoLdd6.c **** ** ###################################################################*/
  39:../Generated_Code/BitIoLdd6.c **** 
  40:../Generated_Code/BitIoLdd6.c **** /* MODULE BitIoLdd6. */
  41:../Generated_Code/BitIoLdd6.c **** 
  42:../Generated_Code/BitIoLdd6.c **** #include "BitIoLdd6.h"
  43:../Generated_Code/BitIoLdd6.c **** 
  44:../Generated_Code/BitIoLdd6.c **** typedef struct {
  45:../Generated_Code/BitIoLdd6.c ****   LDD_TUserData *UserDataPtr;          /* Pointer to user data */
  46:../Generated_Code/BitIoLdd6.c **** } BitIoLdd6_TDeviceData;               /* Device data structure type */
  47:../Generated_Code/BitIoLdd6.c **** 
  48:../Generated_Code/BitIoLdd6.c **** typedef BitIoLdd6_TDeviceData *BitIoLdd6_TDeviceDataPtr ; /* Pointer to the device data structure. 
  49:../Generated_Code/BitIoLdd6.c **** 
  50:../Generated_Code/BitIoLdd6.c **** /* {Default RTOS Adapter} Static object used for simulation of dynamic driver memory allocation */
  51:../Generated_Code/BitIoLdd6.c **** static BitIoLdd6_TDeviceData DeviceDataPrv__DEFAULT_RTOS_ALLOC;
  52:../Generated_Code/BitIoLdd6.c **** /*
  53:../Generated_Code/BitIoLdd6.c **** ** ===================================================================
  54:../Generated_Code/BitIoLdd6.c **** **     Method      :  BitIoLdd6_Init (component BitIO_LDD)
  55:../Generated_Code/BitIoLdd6.c **** **
  56:../Generated_Code/BitIoLdd6.c **** **     Description :
  57:../Generated_Code/BitIoLdd6.c **** **         Initializes the device. Allocates memory for the device data
  58:../Generated_Code/BitIoLdd6.c **** **         structure, allocates interrupt vectors and sets interrupt
  59:../Generated_Code/BitIoLdd6.c **** **         priority, sets pin routing, sets timing, etc. If the "Enable
  60:../Generated_Code/BitIoLdd6.c **** **         in init. code" is set to "yes" value then the device is also
  61:../Generated_Code/BitIoLdd6.c **** **         enabled(see the description of the Enable() method). In this
  62:../Generated_Code/BitIoLdd6.c **** **         case the Enable() method is not necessary and needn't to be
  63:../Generated_Code/BitIoLdd6.c **** **         generated. 
  64:../Generated_Code/BitIoLdd6.c **** **     Parameters  :
  65:../Generated_Code/BitIoLdd6.c **** **         NAME            - DESCRIPTION
  66:../Generated_Code/BitIoLdd6.c **** **       * UserDataPtr     - Pointer to the user or
  67:../Generated_Code/BitIoLdd6.c **** **                           RTOS specific data. This pointer will be
  68:../Generated_Code/BitIoLdd6.c **** **                           passed as an event or callback parameter.
  69:../Generated_Code/BitIoLdd6.c **** **     Returns     :
  70:../Generated_Code/BitIoLdd6.c **** **         ---             - Pointer to the dynamically allocated
  71:../Generated_Code/BitIoLdd6.c **** **                           private structure or NULL if there was an
  72:../Generated_Code/BitIoLdd6.c **** **                           error.
  73:../Generated_Code/BitIoLdd6.c **** ** ===================================================================
  74:../Generated_Code/BitIoLdd6.c **** */
  75:../Generated_Code/BitIoLdd6.c **** LDD_TDeviceData* BitIoLdd6_Init(LDD_TUserData *UserDataPtr)
  76:../Generated_Code/BitIoLdd6.c **** {
  32              		.loc 1 76 0
  33              		.cfi_startproc
  34 0000 80B5     		push	{r7, lr}
  35              	.LCFI0:
  36              		.cfi_def_cfa_offset 8
  37              		.cfi_offset 7, -8
  38              		.cfi_offset 14, -4
  39 0002 84B0     		sub	sp, sp, #16
  40              	.LCFI1:
  41              		.cfi_def_cfa_offset 24
  42 0004 00AF     		add	r7, sp, #0
  43              	.LCFI2:
  44              		.cfi_def_cfa_register 7
  45 0006 7860     		str	r0, [r7, #4]
  77:../Generated_Code/BitIoLdd6.c ****   /* Allocate device structure */
  78:../Generated_Code/BitIoLdd6.c ****   BitIoLdd6_TDeviceDataPtr DeviceDataPrv;
  79:../Generated_Code/BitIoLdd6.c ****   /* {Default RTOS Adapter} Driver memory allocation: Dynamic allocation is simulated by a pointer 
  80:../Generated_Code/BitIoLdd6.c ****   DeviceDataPrv = &DeviceDataPrv__DEFAULT_RTOS_ALLOC;
  46              		.loc 1 80 0
  47 0008 104B     		ldr	r3, .L3
  48 000a FB60     		str	r3, [r7, #12]
  81:../Generated_Code/BitIoLdd6.c **** 
  82:../Generated_Code/BitIoLdd6.c ****   DeviceDataPrv->UserDataPtr = UserDataPtr; /* Store the RTOS device structure */
  49              		.loc 1 82 0
  50 000c FB68     		ldr	r3, [r7, #12]
  51 000e 7A68     		ldr	r2, [r7, #4]
  52 0010 1A60     		str	r2, [r3]
  83:../Generated_Code/BitIoLdd6.c **** 
  84:../Generated_Code/BitIoLdd6.c ****   /* Configure pin as output */
  85:../Generated_Code/BitIoLdd6.c ****   /* GPIOD_PDDR: PDD|=2 */
  86:../Generated_Code/BitIoLdd6.c ****   GPIOD_PDDR |= GPIO_PDDR_PDD(0x02);                                                   
  53              		.loc 1 86 0
  54 0012 0F4B     		ldr	r3, .L3+4
  55 0014 0E4A     		ldr	r2, .L3+4
  56 0016 5269     		ldr	r2, [r2, #20]
  57 0018 0221     		mov	r1, #2
  58 001a 0A43     		orr	r2, r1
  59 001c 5A61     		str	r2, [r3, #20]
  87:../Generated_Code/BitIoLdd6.c **** 
  88:../Generated_Code/BitIoLdd6.c ****   /* Set initialization value */
  89:../Generated_Code/BitIoLdd6.c ****   /* GPIOD_PDOR: PDO&=~2 */
  90:../Generated_Code/BitIoLdd6.c ****   GPIOD_PDOR &= (uint32_t)~(uint32_t)(GPIO_PDOR_PDO(0x02));                                        
  60              		.loc 1 90 0
  61 001e 0C4B     		ldr	r3, .L3+4
  62 0020 0B4A     		ldr	r2, .L3+4
  63 0022 1268     		ldr	r2, [r2]
  64 0024 0221     		mov	r1, #2
  65 0026 8A43     		bic	r2, r1
  66 0028 1A60     		str	r2, [r3]
  91:../Generated_Code/BitIoLdd6.c **** 
  92:../Generated_Code/BitIoLdd6.c ****   /* Initialization of Port Control register */
  93:../Generated_Code/BitIoLdd6.c ****   /* PORTD_PCR1: ISF=0,MUX=1 */
  94:../Generated_Code/BitIoLdd6.c ****   PORTD_PCR1 = (uint32_t)((PORTD_PCR1 & (uint32_t)~(uint32_t)(
  67              		.loc 1 94 0
  68 002a 0A4B     		ldr	r3, .L3+8
  69 002c 094A     		ldr	r2, .L3+8
  70 002e 5168     		ldr	r1, [r2, #4]
  71 0030 094A     		ldr	r2, .L3+12
  72 0032 0A40     		and	r2, r1
  73 0034 8021     		mov	r1, #128
  74 0036 4900     		lsl	r1, r1, #1
  75 0038 0A43     		orr	r2, r1
  76 003a 5A60     		str	r2, [r3, #4]
  95:../Generated_Code/BitIoLdd6.c ****                 PORT_PCR_ISF_MASK |
  96:../Generated_Code/BitIoLdd6.c ****                 PORT_PCR_MUX(0x06)
  97:../Generated_Code/BitIoLdd6.c ****                )) | (uint32_t)(
  98:../Generated_Code/BitIoLdd6.c ****                 PORT_PCR_MUX(0x01)
  99:../Generated_Code/BitIoLdd6.c ****                ));                                                  
 100:../Generated_Code/BitIoLdd6.c ****   /* Registration of the device structure */
 101:../Generated_Code/BitIoLdd6.c ****   PE_LDD_RegisterDeviceStructure(PE_LDD_COMPONENT_BitIoLdd6_ID,DeviceDataPrv);
  77              		.loc 1 101 0
  78 003c 074B     		ldr	r3, .L3+16
  79 003e FA68     		ldr	r2, [r7, #12]
  80 0040 9A60     		str	r2, [r3, #8]
 102:../Generated_Code/BitIoLdd6.c ****   return ((LDD_TDeviceData *)DeviceDataPrv);
  81              		.loc 1 102 0
  82 0042 FB68     		ldr	r3, [r7, #12]
 103:../Generated_Code/BitIoLdd6.c **** }
  83              		.loc 1 103 0
  84 0044 181C     		mov	r0, r3
  85 0046 BD46     		mov	sp, r7
  86 0048 04B0     		add	sp, sp, #16
  87              		@ sp needed for prologue
  88 004a 80BD     		pop	{r7, pc}
  89              	.L4:
  90              		.align	2
  91              	.L3:
  92 004c 00000000 		.word	DeviceDataPrv__DEFAULT_RTOS_ALLOC
  93 0050 C0F00F40 		.word	1074786496
  94 0054 00C00440 		.word	1074053120
  95 0058 FFF8FFFE 		.word	-16779009
  96 005c 00000000 		.word	PE_LDD_DeviceDataList
  97              		.cfi_endproc
  98              	.LFE0:
 100              		.section	.text.BitIoLdd6_GetVal,"ax",%progbits
 101              		.align	2
 102              		.global	BitIoLdd6_GetVal
 103              		.code	16
 104              		.thumb_func
 106              	BitIoLdd6_GetVal:
 107              	.LFB1:
 104:../Generated_Code/BitIoLdd6.c **** /*
 105:../Generated_Code/BitIoLdd6.c **** ** ===================================================================
 106:../Generated_Code/BitIoLdd6.c **** **     Method      :  BitIoLdd6_GetVal (component BitIO_LDD)
 107:../Generated_Code/BitIoLdd6.c **** **
 108:../Generated_Code/BitIoLdd6.c **** **     Description :
 109:../Generated_Code/BitIoLdd6.c **** **         Returns the input/output value. If the direction is [input]
 110:../Generated_Code/BitIoLdd6.c **** **         then the input value of the pin is read and returned. If the
 111:../Generated_Code/BitIoLdd6.c **** **         direction is [output] then the last written value is read
 112:../Generated_Code/BitIoLdd6.c **** **         and returned (see <Safe mode> property for limitations).
 113:../Generated_Code/BitIoLdd6.c **** **         This method cannot be disabled if direction is [input].
 114:../Generated_Code/BitIoLdd6.c **** **     Parameters  :
 115:../Generated_Code/BitIoLdd6.c **** **         NAME            - DESCRIPTION
 116:../Generated_Code/BitIoLdd6.c **** **       * DeviceDataPtr   - Device data structure
 117:../Generated_Code/BitIoLdd6.c **** **                           pointer returned by <Init> method.
 118:../Generated_Code/BitIoLdd6.c **** **     Returns     :
 119:../Generated_Code/BitIoLdd6.c **** **         ---             - Input or output value. Possible values:
 120:../Generated_Code/BitIoLdd6.c **** **                           <false> - logical "0" (Low level)
 121:../Generated_Code/BitIoLdd6.c **** **                           <true> - logical "1" (High level)
 122:../Generated_Code/BitIoLdd6.c **** ** ===================================================================
 123:../Generated_Code/BitIoLdd6.c **** */
 124:../Generated_Code/BitIoLdd6.c **** bool BitIoLdd6_GetVal(LDD_TDeviceData *DeviceDataPtr)
 125:../Generated_Code/BitIoLdd6.c **** {
 108              		.loc 1 125 0
 109              		.cfi_startproc
 110 0000 80B5     		push	{r7, lr}
 111              	.LCFI3:
 112              		.cfi_def_cfa_offset 8
 113              		.cfi_offset 7, -8
 114              		.cfi_offset 14, -4
 115 0002 84B0     		sub	sp, sp, #16
 116              	.LCFI4:
 117              		.cfi_def_cfa_offset 24
 118 0004 00AF     		add	r7, sp, #0
 119              	.LCFI5:
 120              		.cfi_def_cfa_register 7
 121 0006 7860     		str	r0, [r7, #4]
 126:../Generated_Code/BitIoLdd6.c ****   uint32_t portData;                   /* Port data masked according to the bit used */
 127:../Generated_Code/BitIoLdd6.c **** 
 128:../Generated_Code/BitIoLdd6.c ****   (void)DeviceDataPtr;                 /* Parameter is not used, suppress unused argument warning *
 129:../Generated_Code/BitIoLdd6.c **** 
 130:../Generated_Code/BitIoLdd6.c ****   portData = GPIO_PDD_GetPortDataOutput(BitIoLdd6_MODULE_BASE_ADDRESS) & BitIoLdd6_PORT_MASK;
 122              		.loc 1 130 0
 123 0008 064B     		ldr	r3, .L7
 124 000a 1A68     		ldr	r2, [r3]
 125 000c 0223     		mov	r3, #2
 126 000e 1340     		and	r3, r2
 127 0010 FB60     		str	r3, [r7, #12]
 131:../Generated_Code/BitIoLdd6.c **** 
 132:../Generated_Code/BitIoLdd6.c ****   return (portData != 0U) ? (bool)TRUE : (bool)FALSE;
 128              		.loc 1 132 0
 129 0012 FB68     		ldr	r3, [r7, #12]
 130 0014 5A1E     		sub	r2, r3, #1
 131 0016 9341     		sbc	r3, r3, r2
 132 0018 DBB2     		uxtb	r3, r3
 133:../Generated_Code/BitIoLdd6.c **** }
 133              		.loc 1 133 0
 134 001a 181C     		mov	r0, r3
 135 001c BD46     		mov	sp, r7
 136 001e 04B0     		add	sp, sp, #16
 137              		@ sp needed for prologue
 138 0020 80BD     		pop	{r7, pc}
 139              	.L8:
 140 0022 C046     		.align	2
 141              	.L7:
 142 0024 C0F00FF8 		.word	-133173056
 143              		.cfi_endproc
 144              	.LFE1:
 146              		.section	.text.BitIoLdd6_ClrVal,"ax",%progbits
 147              		.align	2
 148              		.global	BitIoLdd6_ClrVal
 149              		.code	16
 150              		.thumb_func
 152              	BitIoLdd6_ClrVal:
 153              	.LFB2:
 134:../Generated_Code/BitIoLdd6.c **** 
 135:../Generated_Code/BitIoLdd6.c **** /*
 136:../Generated_Code/BitIoLdd6.c **** ** ===================================================================
 137:../Generated_Code/BitIoLdd6.c **** **     Method      :  BitIoLdd6_ClrVal (component BitIO_LDD)
 138:../Generated_Code/BitIoLdd6.c **** **
 139:../Generated_Code/BitIoLdd6.c **** **     Description :
 140:../Generated_Code/BitIoLdd6.c **** **         Clears (set to zero) the output value. It is equivalent to
 141:../Generated_Code/BitIoLdd6.c **** **         the [PutVal(FALSE)]. This method is available only if the
 142:../Generated_Code/BitIoLdd6.c **** **         direction = _[output]_ or _[input/output]_.
 143:../Generated_Code/BitIoLdd6.c **** **     Parameters  :
 144:../Generated_Code/BitIoLdd6.c **** **         NAME            - DESCRIPTION
 145:../Generated_Code/BitIoLdd6.c **** **       * DeviceDataPtr   - Pointer to device data
 146:../Generated_Code/BitIoLdd6.c **** **                           structure returned by <Init> method.
 147:../Generated_Code/BitIoLdd6.c **** **     Returns     : Nothing
 148:../Generated_Code/BitIoLdd6.c **** ** ===================================================================
 149:../Generated_Code/BitIoLdd6.c **** */
 150:../Generated_Code/BitIoLdd6.c **** void BitIoLdd6_ClrVal(LDD_TDeviceData *DeviceDataPtr)
 151:../Generated_Code/BitIoLdd6.c **** {
 154              		.loc 1 151 0
 155              		.cfi_startproc
 156 0000 80B5     		push	{r7, lr}
 157              	.LCFI6:
 158              		.cfi_def_cfa_offset 8
 159              		.cfi_offset 7, -8
 160              		.cfi_offset 14, -4
 161 0002 82B0     		sub	sp, sp, #8
 162              	.LCFI7:
 163              		.cfi_def_cfa_offset 16
 164 0004 00AF     		add	r7, sp, #0
 165              	.LCFI8:
 166              		.cfi_def_cfa_register 7
 167 0006 7860     		str	r0, [r7, #4]
 152:../Generated_Code/BitIoLdd6.c ****   (void)DeviceDataPtr;                 /* Parameter is not used, suppress unused argument warning *
 153:../Generated_Code/BitIoLdd6.c **** 
 154:../Generated_Code/BitIoLdd6.c ****   GPIO_PDD_ClearPortDataOutputMask(BitIoLdd6_MODULE_BASE_ADDRESS, BitIoLdd6_PORT_MASK);
 168              		.loc 1 154 0
 169 0008 024B     		ldr	r3, .L10
 170 000a 0222     		mov	r2, #2
 171 000c 9A60     		str	r2, [r3, #8]
 155:../Generated_Code/BitIoLdd6.c **** }
 172              		.loc 1 155 0
 173 000e BD46     		mov	sp, r7
 174 0010 02B0     		add	sp, sp, #8
 175              		@ sp needed for prologue
 176 0012 80BD     		pop	{r7, pc}
 177              	.L11:
 178              		.align	2
 179              	.L10:
 180 0014 C0F00FF8 		.word	-133173056
 181              		.cfi_endproc
 182              	.LFE2:
 184              		.section	.text.BitIoLdd6_SetVal,"ax",%progbits
 185              		.align	2
 186              		.global	BitIoLdd6_SetVal
 187              		.code	16
 188              		.thumb_func
 190              	BitIoLdd6_SetVal:
 191              	.LFB3:
 156:../Generated_Code/BitIoLdd6.c **** 
 157:../Generated_Code/BitIoLdd6.c **** /*
 158:../Generated_Code/BitIoLdd6.c **** ** ===================================================================
 159:../Generated_Code/BitIoLdd6.c **** **     Method      :  BitIoLdd6_SetVal (component BitIO_LDD)
 160:../Generated_Code/BitIoLdd6.c **** **
 161:../Generated_Code/BitIoLdd6.c **** **     Description :
 162:../Generated_Code/BitIoLdd6.c **** **         Sets (to one) the output value. It is equivalent to the
 163:../Generated_Code/BitIoLdd6.c **** **         [PutVal(TRUE)]. This method is available only if the
 164:../Generated_Code/BitIoLdd6.c **** **         direction = _[output]_ or _[input/output]_.
 165:../Generated_Code/BitIoLdd6.c **** **     Parameters  :
 166:../Generated_Code/BitIoLdd6.c **** **         NAME            - DESCRIPTION
 167:../Generated_Code/BitIoLdd6.c **** **       * DeviceDataPtr   - Pointer to device data
 168:../Generated_Code/BitIoLdd6.c **** **                           structure returned by <Init> method.
 169:../Generated_Code/BitIoLdd6.c **** **     Returns     : Nothing
 170:../Generated_Code/BitIoLdd6.c **** ** ===================================================================
 171:../Generated_Code/BitIoLdd6.c **** */
 172:../Generated_Code/BitIoLdd6.c **** void BitIoLdd6_SetVal(LDD_TDeviceData *DeviceDataPtr)
 173:../Generated_Code/BitIoLdd6.c **** {
 192              		.loc 1 173 0
 193              		.cfi_startproc
 194 0000 80B5     		push	{r7, lr}
 195              	.LCFI9:
 196              		.cfi_def_cfa_offset 8
 197              		.cfi_offset 7, -8
 198              		.cfi_offset 14, -4
 199 0002 82B0     		sub	sp, sp, #8
 200              	.LCFI10:
 201              		.cfi_def_cfa_offset 16
 202 0004 00AF     		add	r7, sp, #0
 203              	.LCFI11:
 204              		.cfi_def_cfa_register 7
 205 0006 7860     		str	r0, [r7, #4]
 174:../Generated_Code/BitIoLdd6.c ****   (void)DeviceDataPtr;                 /* Parameter is not used, suppress unused argument warning *
 175:../Generated_Code/BitIoLdd6.c **** 
 176:../Generated_Code/BitIoLdd6.c ****   GPIO_PDD_SetPortDataOutputMask(BitIoLdd6_MODULE_BASE_ADDRESS, BitIoLdd6_PORT_MASK);
 206              		.loc 1 176 0
 207 0008 024B     		ldr	r3, .L13
 208 000a 0222     		mov	r2, #2
 209 000c 5A60     		str	r2, [r3, #4]
 177:../Generated_Code/BitIoLdd6.c **** }
 210              		.loc 1 177 0
 211 000e BD46     		mov	sp, r7
 212 0010 02B0     		add	sp, sp, #8
 213              		@ sp needed for prologue
 214 0012 80BD     		pop	{r7, pc}
 215              	.L14:
 216              		.align	2
 217              	.L13:
 218 0014 C0F00FF8 		.word	-133173056
 219              		.cfi_endproc
 220              	.LFE3:
 222              		.section	.text.BitIoLdd6_NegVal,"ax",%progbits
 223              		.align	2
 224              		.global	BitIoLdd6_NegVal
 225              		.code	16
 226              		.thumb_func
 228              	BitIoLdd6_NegVal:
 229              	.LFB4:
 178:../Generated_Code/BitIoLdd6.c **** 
 179:../Generated_Code/BitIoLdd6.c **** /*
 180:../Generated_Code/BitIoLdd6.c **** ** ===================================================================
 181:../Generated_Code/BitIoLdd6.c **** **     Method      :  BitIoLdd6_NegVal (component BitIO_LDD)
 182:../Generated_Code/BitIoLdd6.c **** **
 183:../Generated_Code/BitIoLdd6.c **** **     Description :
 184:../Generated_Code/BitIoLdd6.c **** **         Negates (inverts) the output value. It is equivalent to the
 185:../Generated_Code/BitIoLdd6.c **** **         [PutVal(!GetVal())]. This method is available only if the
 186:../Generated_Code/BitIoLdd6.c **** **         direction = _[output]_ or _[input/output]_.
 187:../Generated_Code/BitIoLdd6.c **** **     Parameters  :
 188:../Generated_Code/BitIoLdd6.c **** **         NAME            - DESCRIPTION
 189:../Generated_Code/BitIoLdd6.c **** **       * DeviceDataPtr   - Pointer to device data
 190:../Generated_Code/BitIoLdd6.c **** **                           structure returned by <Init> method.
 191:../Generated_Code/BitIoLdd6.c **** **     Returns     : Nothing
 192:../Generated_Code/BitIoLdd6.c **** ** ===================================================================
 193:../Generated_Code/BitIoLdd6.c **** */
 194:../Generated_Code/BitIoLdd6.c **** void BitIoLdd6_NegVal(LDD_TDeviceData *DeviceDataPtr)
 195:../Generated_Code/BitIoLdd6.c **** {
 230              		.loc 1 195 0
 231              		.cfi_startproc
 232 0000 80B5     		push	{r7, lr}
 233              	.LCFI12:
 234              		.cfi_def_cfa_offset 8
 235              		.cfi_offset 7, -8
 236              		.cfi_offset 14, -4
 237 0002 82B0     		sub	sp, sp, #8
 238              	.LCFI13:
 239              		.cfi_def_cfa_offset 16
 240 0004 00AF     		add	r7, sp, #0
 241              	.LCFI14:
 242              		.cfi_def_cfa_register 7
 243 0006 7860     		str	r0, [r7, #4]
 196:../Generated_Code/BitIoLdd6.c ****   (void)DeviceDataPtr;                 /* Parameter is not used, suppress unused argument warning *
 197:../Generated_Code/BitIoLdd6.c **** 
 198:../Generated_Code/BitIoLdd6.c ****   GPIO_PDD_TogglePortDataOutputMask(BitIoLdd6_MODULE_BASE_ADDRESS, BitIoLdd6_PORT_MASK);
 244              		.loc 1 198 0
 245 0008 024B     		ldr	r3, .L16
 246 000a 0222     		mov	r2, #2
 247 000c DA60     		str	r2, [r3, #12]
 199:../Generated_Code/BitIoLdd6.c **** }
 248              		.loc 1 199 0
 249 000e BD46     		mov	sp, r7
 250 0010 02B0     		add	sp, sp, #8
 251              		@ sp needed for prologue
 252 0012 80BD     		pop	{r7, pc}
 253              	.L17:
 254              		.align	2
 255              	.L16:
 256 0014 C0F00FF8 		.word	-133173056
 257              		.cfi_endproc
 258              	.LFE4:
 260              		.text
 261              	.Letext0:
 262              		.file 2 "C:/Freescale/CW MCU v10.7/MCU/ARM_GCC_Support/ewl/EWL_C/include/cstdint"
 263              		.file 3 "../Generated_Code/PE_Types.h"
 264              		.file 4 "../Generated_Code/IO_Map.h"
 265              		.file 5 "../Generated_Code/PE_LDD.h"
DEFINED SYMBOLS
                            *ABS*:00000000 BitIoLdd6.c
C:\Users\burak\AppData\Local\Temp\ccB4h11c.s:18     .bss.DeviceDataPrv__DEFAULT_RTOS_ALLOC:00000000 $d
C:\Users\burak\AppData\Local\Temp\ccB4h11c.s:21     .bss.DeviceDataPrv__DEFAULT_RTOS_ALLOC:00000000 DeviceDataPrv__DEFAULT_RTOS_ALLOC
C:\Users\burak\AppData\Local\Temp\ccB4h11c.s:24     .text.BitIoLdd6_Init:00000000 $t
C:\Users\burak\AppData\Local\Temp\ccB4h11c.s:29     .text.BitIoLdd6_Init:00000000 BitIoLdd6_Init
C:\Users\burak\AppData\Local\Temp\ccB4h11c.s:92     .text.BitIoLdd6_Init:0000004c $d
C:\Users\burak\AppData\Local\Temp\ccB4h11c.s:101    .text.BitIoLdd6_GetVal:00000000 $t
C:\Users\burak\AppData\Local\Temp\ccB4h11c.s:106    .text.BitIoLdd6_GetVal:00000000 BitIoLdd6_GetVal
C:\Users\burak\AppData\Local\Temp\ccB4h11c.s:142    .text.BitIoLdd6_GetVal:00000024 $d
C:\Users\burak\AppData\Local\Temp\ccB4h11c.s:147    .text.BitIoLdd6_ClrVal:00000000 $t
C:\Users\burak\AppData\Local\Temp\ccB4h11c.s:152    .text.BitIoLdd6_ClrVal:00000000 BitIoLdd6_ClrVal
C:\Users\burak\AppData\Local\Temp\ccB4h11c.s:180    .text.BitIoLdd6_ClrVal:00000014 $d
C:\Users\burak\AppData\Local\Temp\ccB4h11c.s:185    .text.BitIoLdd6_SetVal:00000000 $t
C:\Users\burak\AppData\Local\Temp\ccB4h11c.s:190    .text.BitIoLdd6_SetVal:00000000 BitIoLdd6_SetVal
C:\Users\burak\AppData\Local\Temp\ccB4h11c.s:218    .text.BitIoLdd6_SetVal:00000014 $d
C:\Users\burak\AppData\Local\Temp\ccB4h11c.s:223    .text.BitIoLdd6_NegVal:00000000 $t
C:\Users\burak\AppData\Local\Temp\ccB4h11c.s:228    .text.BitIoLdd6_NegVal:00000000 BitIoLdd6_NegVal
C:\Users\burak\AppData\Local\Temp\ccB4h11c.s:256    .text.BitIoLdd6_NegVal:00000014 $d
                     .debug_frame:00000010 $d

UNDEFINED SYMBOLS
PE_LDD_DeviceDataList
