   1              		.cpu cortex-m0
   2              		.fpu softvfp
   3              		.eabi_attribute 20, 1
   4              		.eabi_attribute 21, 1
   5              		.eabi_attribute 23, 3
   6              		.eabi_attribute 24, 1
   7              		.eabi_attribute 25, 1
   8              		.eabi_attribute 26, 1
   9              		.eabi_attribute 30, 6
  10              		.eabi_attribute 34, 0
  11              		.eabi_attribute 18, 4
  12              		.code	16
  13              		.file	"LED3.c"
  14              		.text
  15              	.Ltext0:
  16              		.cfi_sections	.debug_frame
  17              		.section	.text.LED3_Deinit,"ax",%progbits
  18              		.align	2
  19              		.global	LED3_Deinit
  20              		.code	16
  21              		.thumb_func
  23              	LED3_Deinit:
  24              	.LFB0:
  25              		.file 1 "../Generated_Code/LED3.c"
   1:../Generated_Code/LED3.c **** /** ###################################################################
   2:../Generated_Code/LED3.c **** **     THIS COMPONENT MODULE IS GENERATED BY THE TOOL. DO NOT MODIFY IT.
   3:../Generated_Code/LED3.c **** **     Filename    : LED3.c
   4:../Generated_Code/LED3.c **** **     Project     : ProcessorExpert
   5:../Generated_Code/LED3.c **** **     Processor   : MKL25Z128VLK4
   6:../Generated_Code/LED3.c **** **     Component   : LED
   7:../Generated_Code/LED3.c **** **     Version     : Component 01.047, Driver 01.00, CPU db: 3.00.000
   8:../Generated_Code/LED3.c **** **     Compiler    : GNU C Compiler
   9:../Generated_Code/LED3.c **** **     Date/Time   : 2012-12-25, 18:56, # CodeGen: 13
  10:../Generated_Code/LED3.c **** **     Abstract    :
  11:../Generated_Code/LED3.c **** **          This component implements a universal driver for a single LED.
  12:../Generated_Code/LED3.c **** **     Settings    :
  13:../Generated_Code/LED3.c **** **          Component name                                 : LED3
  14:../Generated_Code/LED3.c **** **          LED on with initialization                     : no
  15:../Generated_Code/LED3.c **** **          HW Interface                                   : 
  16:../Generated_Code/LED3.c **** **            LED Pin                                      : LEDpin
  17:../Generated_Code/LED3.c **** **            Anode on port side                           : no
  18:../Generated_Code/LED3.c **** **     Contents    :
  19:../Generated_Code/LED3.c **** **         On     - void LED3_On(void);
  20:../Generated_Code/LED3.c **** **         Off    - void LED3_Off(void);
  21:../Generated_Code/LED3.c **** **         Neg    - void LED3_Neg(void);
  22:../Generated_Code/LED3.c **** **         Get    - byte LED3_Get(void);
  23:../Generated_Code/LED3.c **** **         Put    - void LED3_Put(byte val);
  24:../Generated_Code/LED3.c **** **         Init   - void LED3_Init(void);
  25:../Generated_Code/LED3.c **** **         Deinit - void LED3_Deinit(void);
  26:../Generated_Code/LED3.c **** **
  27:../Generated_Code/LED3.c **** **     License   :  Open Source (LGPL)
  28:../Generated_Code/LED3.c **** **     Copyright : (c) Copyright Erich Styger, 2012, all rights reserved.
  29:../Generated_Code/LED3.c **** **     This an open source software implementing an LED driver using Processor Expert.
  30:../Generated_Code/LED3.c **** **     This is a free software and is opened for education, research and commercial developments un
  31:../Generated_Code/LED3.c **** **     * This is a free software and there is NO WARRANTY.
  32:../Generated_Code/LED3.c **** **     * No restriction on use. You can use, modify and redistribute it for personal, non-profit or
  33:../Generated_Code/LED3.c **** **     * Redistributions of source code must retain the above copyright notice.
  34:../Generated_Code/LED3.c **** ** ###################################################################*/
  35:../Generated_Code/LED3.c **** 
  36:../Generated_Code/LED3.c **** /* MODULE LED3. */
  37:../Generated_Code/LED3.c **** 
  38:../Generated_Code/LED3.c **** #include "LED3.h"
  39:../Generated_Code/LED3.c **** 
  40:../Generated_Code/LED3.c **** /*
  41:../Generated_Code/LED3.c **** ** ===================================================================
  42:../Generated_Code/LED3.c **** **     Method      :  LED3_On (component LED)
  43:../Generated_Code/LED3.c **** **
  44:../Generated_Code/LED3.c **** **     Description :
  45:../Generated_Code/LED3.c **** **         This turns the LED on.
  46:../Generated_Code/LED3.c **** **     Parameters  : None
  47:../Generated_Code/LED3.c **** **     Returns     : Nothing
  48:../Generated_Code/LED3.c **** ** ===================================================================
  49:../Generated_Code/LED3.c **** */
  50:../Generated_Code/LED3.c **** /* This method is implemented as macro in the header file */
  51:../Generated_Code/LED3.c **** 
  52:../Generated_Code/LED3.c **** /*
  53:../Generated_Code/LED3.c **** ** ===================================================================
  54:../Generated_Code/LED3.c **** **     Method      :  LED3_Off (component LED)
  55:../Generated_Code/LED3.c **** **
  56:../Generated_Code/LED3.c **** **     Description :
  57:../Generated_Code/LED3.c **** **         This turns the LED off.
  58:../Generated_Code/LED3.c **** **     Parameters  : None
  59:../Generated_Code/LED3.c **** **     Returns     : Nothing
  60:../Generated_Code/LED3.c **** ** ===================================================================
  61:../Generated_Code/LED3.c **** */
  62:../Generated_Code/LED3.c **** /* This method is implemented as macro in the header file */
  63:../Generated_Code/LED3.c **** 
  64:../Generated_Code/LED3.c **** /*
  65:../Generated_Code/LED3.c **** ** ===================================================================
  66:../Generated_Code/LED3.c **** **     Method      :  LED3_Neg (component LED)
  67:../Generated_Code/LED3.c **** **
  68:../Generated_Code/LED3.c **** **     Description :
  69:../Generated_Code/LED3.c **** **         This negates/toggles the LED
  70:../Generated_Code/LED3.c **** **     Parameters  : None
  71:../Generated_Code/LED3.c **** **     Returns     : Nothing
  72:../Generated_Code/LED3.c **** ** ===================================================================
  73:../Generated_Code/LED3.c **** */
  74:../Generated_Code/LED3.c **** /* This method is implemented as macro in the header file */
  75:../Generated_Code/LED3.c **** 
  76:../Generated_Code/LED3.c **** /*
  77:../Generated_Code/LED3.c **** ** ===================================================================
  78:../Generated_Code/LED3.c **** **     Method      :  LED3_Get (component LED)
  79:../Generated_Code/LED3.c **** **
  80:../Generated_Code/LED3.c **** **     Description :
  81:../Generated_Code/LED3.c **** **         This returns logical 1 in case the LED is on, 0 otherwise.
  82:../Generated_Code/LED3.c **** **     Parameters  : None
  83:../Generated_Code/LED3.c **** **     Returns     :
  84:../Generated_Code/LED3.c **** **         ---             - Status of the LED (on or off)
  85:../Generated_Code/LED3.c **** ** ===================================================================
  86:../Generated_Code/LED3.c **** */
  87:../Generated_Code/LED3.c **** /* This method is implemented as macro in the header file */
  88:../Generated_Code/LED3.c **** 
  89:../Generated_Code/LED3.c **** /*
  90:../Generated_Code/LED3.c **** ** ===================================================================
  91:../Generated_Code/LED3.c **** **     Method      :  LED3_Init (component LED)
  92:../Generated_Code/LED3.c **** **
  93:../Generated_Code/LED3.c **** **     Description :
  94:../Generated_Code/LED3.c **** **         Performs the LED driver initialization.
  95:../Generated_Code/LED3.c **** **     Parameters  : None
  96:../Generated_Code/LED3.c **** **     Returns     : Nothing
  97:../Generated_Code/LED3.c **** ** ===================================================================
  98:../Generated_Code/LED3.c **** */
  99:../Generated_Code/LED3.c **** /* This method is implemented as macro in the header file */
 100:../Generated_Code/LED3.c **** 
 101:../Generated_Code/LED3.c **** /*
 102:../Generated_Code/LED3.c **** ** ===================================================================
 103:../Generated_Code/LED3.c **** **     Method      :  LED3_Put (component LED)
 104:../Generated_Code/LED3.c **** **
 105:../Generated_Code/LED3.c **** **     Description :
 106:../Generated_Code/LED3.c **** **         Turns the LED on or off.
 107:../Generated_Code/LED3.c **** **     Parameters  :
 108:../Generated_Code/LED3.c **** **         NAME            - DESCRIPTION
 109:../Generated_Code/LED3.c **** **         val             - value to define if the LED has to be on or
 110:../Generated_Code/LED3.c **** **                           off.
 111:../Generated_Code/LED3.c **** **     Returns     : Nothing
 112:../Generated_Code/LED3.c **** ** ===================================================================
 113:../Generated_Code/LED3.c **** */
 114:../Generated_Code/LED3.c **** /* This method is implemented as macro in the header file */
 115:../Generated_Code/LED3.c **** 
 116:../Generated_Code/LED3.c **** /*
 117:../Generated_Code/LED3.c **** ** ===================================================================
 118:../Generated_Code/LED3.c **** **     Method      :  LED3_Deinit (component LED)
 119:../Generated_Code/LED3.c **** **
 120:../Generated_Code/LED3.c **** **     Description :
 121:../Generated_Code/LED3.c **** **         Deinitializes the driver
 122:../Generated_Code/LED3.c **** **     Parameters  : None
 123:../Generated_Code/LED3.c **** **     Returns     : Nothing
 124:../Generated_Code/LED3.c **** ** ===================================================================
 125:../Generated_Code/LED3.c **** */
 126:../Generated_Code/LED3.c **** void LED3_Deinit(void)
 127:../Generated_Code/LED3.c **** {
  26              		.loc 1 127 0
  27              		.cfi_startproc
  28 0000 80B5     		push	{r7, lr}
  29              	.LCFI0:
  30              		.cfi_def_cfa_offset 8
  31              		.cfi_offset 7, -8
  32              		.cfi_offset 14, -4
  33 0002 00AF     		add	r7, sp, #0
  34              	.LCFI1:
  35              		.cfi_def_cfa_register 7
 128:../Generated_Code/LED3.c **** }
  36              		.loc 1 128 0
  37 0004 BD46     		mov	sp, r7
  38              		@ sp needed for prologue
  39 0006 80BD     		pop	{r7, pc}
  40              		.cfi_endproc
  41              	.LFE0:
  43              		.text
  44              	.Letext0:
DEFINED SYMBOLS
                            *ABS*:00000000 LED3.c
C:\Users\burak\AppData\Local\Temp\ccErIuUz.s:18     .text.LED3_Deinit:00000000 $t
C:\Users\burak\AppData\Local\Temp\ccErIuUz.s:23     .text.LED3_Deinit:00000000 LED3_Deinit
                     .debug_frame:00000010 $d

NO UNDEFINED SYMBOLS
